
--- NEW SESSION: 27/08/2020 13:24:07 ---
/Floor/mstate.constraint = 0 1 0 1.05067e-07 -1 -1.42108e-14 29.8741 3.13877e-06 -8.55664e-06  
1 1 0 -3.17183e-15 1.42108e-14 -1 1.32967 8.69634e-06 -4.21736e-15  
2 1 0 1 1.05067e-07 -3.17183e-15 -3.13877e-06 29.8741 1.32967  
3 1 0 1.05183e-07 -1 -1.05183e-07 29.8659 2.35563e-06 7.47023  
4 1 0 -1.05183e-07 1.05183e-07 -1 1.32967 -7.47024 -9.25596e-07  
5 1 0 1 1.05183e-07 -1.05183e-07 -3.00151e-06 29.8659 1.32967  
6 1 0 -1.34625e-08 -1 1.34625e-08 4.85839 -1.30813e-07 -4.85841  
7 1 0 1.34625e-08 -1.34625e-08 -1 1.32967 4.85841 -4.75057e-08  
8 1 0 1 -1.34625e-08 1.34625e-08 4.75054e-08 4.85839 1.32967  
9 1 0 -1.31846e-07 -1 1.31846e-07 19.8208 -5.22661e-06 -19.8209  
10 1 0 1.31846e-07 -1.31846e-07 -1 1.32967 19.8209 -2.438e-06  
11 1 0 1 -1.31846e-07 1.31846e-07 2.43799e-06 19.8208 1.32967  
12 1 0 -2.68954e-08 -1 4.14483e-15 9.70609 -2.61049e-07 -5.89762e-06  
13 1 0 4.86819e-15 -4.14483e-15 -1 1.32967 5.86186e-06 6.47306e-15  
14 1 0 1 -2.68954e-08 4.86819e-15 2.61049e-07 9.70609 1.32967  
15 1 0 -1.34625e-08 -1 1.34625e-08 23.5059 -1.30258e-07 13.8302  
16 1 0 1.34625e-08 -1.34625e-08 -1 1.32967 -13.8302 2.0409e-07  
17 1 0 1 -1.34625e-08 1.34625e-08 2.98548e-07 23.5059 1.32967  
18 1 0 5.32906e-15 -1 2.69548e-08 -1.95892e-05 -2.62203e-07 -9.72754  
19 1 0 2.69548e-08 -2.69548e-08 -1 1.32967 9.72754 -2.26362e-07  
20 1 0 1 6.05562e-15 2.69548e-08 -3.58409e-08 -1.98156e-05 1.32967  
21 1 0 2.25005e-14 -1 1.31992e-07 -2.13536e-05 -2.61907e-06 -19.8427  
22 1 0 1.31992e-07 -1.31992e-07 -1 1.32967 19.8427 -2.44357e-06  
23 1 0 1 3.99223e-14 1.31992e-07 -1.75505e-07 -2.37971e-05 1.32967  
24 1 0 -1.31846e-07 -1 1.31846e-07 17.1599 3.97694e-07 20.1762  
25 1 0 1.31846e-07 -1.31846e-07 -1 1.32967 -20.1762 2.83547e-06  
26 1 0 1 -1.31846e-07 1.31846e-07 2.08715e-06 17.1599 1.32967  
27 1 0 1.06581e-14 -1 1.31992e-07 -1.65476e-05 2.6606e-06 20.1573  
28 1 0 1.31992e-07 -1.31992e-07 -1 1.32967 -20.1573 2.8361e-06  
29 1 0 1 2.80799e-14 1.31992e-07 -1.75505e-07 -1.37115e-05 1.32967  
30 1 0 1.04951e-07 -1 1.04951e-07 -10.1148 -2.12311e-06 -10.1148  
31 1 0 1.04951e-07 -1.04951e-07 -1 1.32967 10.1148 -9.22002e-07  
32 1 0 1 1.04951e-07 1.04951e-07 9.22005e-07 -10.1148 1.32967  
33 1 0 1.05067e-07 -1 -1.30266e-14 -10.1259 -1.0639e-06 -2.9349e-06  
34 1 0 -1.98762e-15 1.30266e-14 -1 1.32967 3.0746e-06 -2.64283e-15  
35 1 0 1 1.05067e-07 -1.98761e-15 1.0639e-06 -10.1259 1.32967  
36 1 0 1.05183e-07 -1 -1.05183e-07 -10.1371 -2.13249e-06 10.1371  
37 1 0 -1.05183e-07 1.05183e-07 -1 1.32967 -10.1371 -1.2061e-06  
38 1 0 1 1.05183e-07 -1.05183e-07 1.2061e-06 -10.1371 1.32967  
39 1 0 1.04921e-07 -1 1.32107e-07 -1.81666e-05 -2.48181e-12 -4.35822e-06  
40 1 0 1.32107e-07 -1.32107e-07 -1 1.32967 4.49773e-06 1.75659e-07  
41 1 0 1 1.04921e-07 1.32107e-07 -1.75657e-07 -1.79909e-05 1.32967  
42 1 0 -2.36847e-15 -1 -1.18423e-15 29.8959 -4.73482e-14 -19.8098  
43 1 0 -1.18423e-15 1.18423e-15 -1 1.32967 19.8098 2.18848e-14  
44 1 0 -1 2.36847e-15 1.18423e-15 -7.23822e-14 -29.8959 -1.32967  
45 1 0 0 -1 1.18424e-15 29.8519 2.391e-14 20.1902  
46 1 0 1.18424e-15 -1.18424e-15 -1 1.32967 -20.1902 2.54846e-14  
47 1 0 -1 -1.40241e-30 -1.18424e-15 1.57464e-15 -29.8519 -1.32967  
48 1 0 1.18424e-15 -1 -1.18424e-15 -10.104 1.15461e-14 -19.8538  
49 1 0 -1.18424e-15 1.18424e-15 -1 1.32967 19.8538 2.1937e-14  
50 1 0 -1 -1.18424e-15 1.18424e-15 -1.35402e-14 10.104 -1.32967  
51 1 0 0 -1 1.18424e-15 -10.1481 2.38578e-14 20.1461  
52 1 0 1.18424e-15 -1.18424e-15 -1 1.32967 -20.1461 2.54325e-14  
53 1 0 -1 -1.40242e-30 -1.18424e-15 1.57465e-15 10.1481 -1.32967  

/Floor/mstate.9(V_DERIV) = -6.92213e-12 -0.5886 -2.91347e-12 5.81178 1.60189e-09 0.0989929

--- NEW SESSION: 01/09/2020 14:48:39 ---
//GenericConstraintSolver.displayTime = 1

--- NEW SESSION: 01/09/2020 16:43:54 ---
/Floor/collision/loader.defaultMaterial = Default Diffuse 1 0.74902 0.74902 0.74902 1 Ambient 1 0.2 0.2 0.2 1 Specular 0 1 1 1 1 Emissive 0 0 0 0 0 Shininess 0 45 
/Floor/collision/loader.normalsIndex = [ [ 18, 28, 20 ], [ 18, 20, 3 ], [ 28, 24, 20 ], [ 24, 11, 20 ], [ 10, 23, 28 ], [ 10, 28, 18 ], [ 23, 12, 28 ], [ 12, 24, 28 ], [ 24, 27, 11 ], [ 27, 19, 11 ], [ 27, 14, 19 ], [ 14, 2, 19 ], [ 12, 21, 27 ], [ 12, 27, 24 ], [ 21, 8, 14 ], [ 21, 14, 27 ], [ 17, 26, 10 ], [ 26, 23, 10 ], [ 26, 22, 12 ], [ 26, 12, 23 ], [ 0, 15, 26 ], [ 0, 26, 17 ], [ 15, 9, 22 ], [ 15, 22, 26 ], [ 22, 25, 21 ], [ 22, 21, 12 ], [ 25, 13, 8 ], [ 25, 8, 21 ], [ 9, 16, 25 ], [ 9, 25, 22 ], [ 16, 1, 13 ], [ 16, 13, 25 ], [ 35, 49, 36 ], [ 35, 36, 5 ], [ 49, 45, 30 ], [ 49, 30, 36 ], [ 29, 44, 35 ], [ 44, 49, 35 ], [ 44, 33, 49 ], [ 33, 45, 49 ], [ 45, 48, 37 ], [ 45, 37, 30 ], [ 48, 38, 6 ], [ 48, 6, 37 ], [ 33, 42, 48 ], [ 33, 48, 45 ], [ 42, 31, 38 ], [ 42, 38, 48 ], [ 34, 47, 29 ], [ 47, 44, 29 ], [ 47, 43, 44 ], [ 43, 33, 44 ], [ 4, 40, 34 ], [ 40, 47, 34 ], [ 40, 32, 47 ], [ 32, 43, 47 ], [ 43, 46, 33 ], [ 46, 42, 33 ], [ 46, 39, 42 ], [ 39, 31, 42 ], [ 32, 41, 43 ], [ 41, 46, 43 ], [ 41, 7, 39 ], [ 41, 39, 46 ], [ 0, 17, 40 ], [ 0, 40, 4 ], [ 10, 32, 17 ], [ 32, 40, 17 ], [ 10, 18, 41 ], [ 10, 41, 32 ], [ 3, 7, 41 ], [ 3, 41, 18 ], [ 3, 20, 7 ], [ 20, 39, 7 ], [ 11, 31, 39 ], [ 11, 39, 20 ], [ 11, 19, 31 ], [ 19, 38, 31 ], [ 2, 6, 19 ], [ 6, 38, 19 ], [ 2, 14, 37 ], [ 2, 37, 6 ], [ 8, 30, 14 ], [ 30, 37, 14 ], [ 8, 13, 36 ], [ 8, 36, 30 ], [ 1, 5, 13 ], [ 5, 36, 13 ], [ 1, 16, 35 ], [ 1, 35, 5 ], [ 9, 29, 16 ], [ 29, 35, 16 ], [ 9, 15, 34 ], [ 9, 34, 29 ], [ 0, 4, 15 ], [ 4, 34, 15 ] ]
/Floor/collision/loader.faceList = [ [ 18, 28, 20 ], [ 18, 20, 3 ], [ 28, 24, 20 ], [ 24, 11, 20 ], [ 10, 23, 28 ], [ 10, 28, 18 ], [ 23, 12, 28 ], [ 12, 24, 28 ], [ 24, 27, 11 ], [ 27, 19, 11 ], [ 27, 14, 19 ], [ 14, 2, 19 ], [ 12, 21, 27 ], [ 12, 27, 24 ], [ 21, 8, 14 ], [ 21, 14, 27 ], [ 17, 26, 10 ], [ 26, 23, 10 ], [ 26, 22, 12 ], [ 26, 12, 23 ], [ 0, 15, 26 ], [ 0, 26, 17 ], [ 15, 9, 22 ], [ 15, 22, 26 ], [ 22, 25, 21 ], [ 22, 21, 12 ], [ 25, 13, 8 ], [ 25, 8, 21 ], [ 9, 16, 25 ], [ 9, 25, 22 ], [ 16, 1, 13 ], [ 16, 13, 25 ], [ 35, 49, 36 ], [ 35, 36, 5 ], [ 49, 45, 30 ], [ 49, 30, 36 ], [ 29, 44, 35 ], [ 44, 49, 35 ], [ 44, 33, 49 ], [ 33, 45, 49 ], [ 45, 48, 37 ], [ 45, 37, 30 ], [ 48, 38, 6 ], [ 48, 6, 37 ], [ 33, 42, 48 ], [ 33, 48, 45 ], [ 42, 31, 38 ], [ 42, 38, 48 ], [ 34, 47, 29 ], [ 47, 44, 29 ], [ 47, 43, 44 ], [ 43, 33, 44 ], [ 4, 40, 34 ], [ 40, 47, 34 ], [ 40, 32, 47 ], [ 32, 43, 47 ], [ 43, 46, 33 ], [ 46, 42, 33 ], [ 46, 39, 42 ], [ 39, 31, 42 ], [ 32, 41, 43 ], [ 41, 46, 43 ], [ 41, 7, 39 ], [ 41, 39, 46 ], [ 0, 17, 40 ], [ 0, 40, 4 ], [ 10, 32, 17 ], [ 32, 40, 17 ], [ 10, 18, 41 ], [ 10, 41, 32 ], [ 3, 7, 41 ], [ 3, 41, 18 ], [ 3, 20, 7 ], [ 20, 39, 7 ], [ 11, 31, 39 ], [ 11, 39, 20 ], [ 11, 19, 31 ], [ 19, 38, 31 ], [ 2, 6, 19 ], [ 6, 38, 19 ], [ 2, 14, 37 ], [ 2, 37, 6 ], [ 8, 30, 14 ], [ 30, 37, 14 ], [ 8, 13, 36 ], [ 8, 36, 30 ], [ 1, 5, 13 ], [ 5, 36, 13 ], [ 1, 16, 35 ], [ 1, 35, 5 ], [ 9, 29, 16 ], [ 29, 35, 16 ], [ 9, 15, 34 ], [ 9, 34, 29 ], [ 0, 4, 15 ], [ 4, 34, 15 ] ]
/Floor/collision/loader.texcoordsIndex = [ [ 0, 1, 2 ], [ 0, 2, 3 ], [ 4, 5, 6 ], [ 7, 8, 9 ], [ 10, 11, 12 ], [ 10, 12, 13 ], [ 14, 15, 16 ], [ 17, 18, 19 ], [ 7, 20, 8 ], [ 21, 22, 23 ], [ 21, 24, 22 ], [ 25, 26, 27 ], [ 17, 28, 29 ], [ 17, 29, 18 ], [ 30, 31, 32 ], [ 30, 32, 33 ], [ 34, 35, 36 ], [ 37, 38, 39 ], [ 37, 40, 41 ], [ 37, 41, 38 ], [ 42, 43, 44 ], [ 42, 44, 45 ], [ 46, 47, 48 ], [ 46, 48, 49 ], [ 50, 51, 52 ], [ 50, 52, 53 ], [ 54, 55, 56 ], [ 54, 56, 57 ], [ 58, 59, 60 ], [ 58, 60, 61 ], [ 62, 63, 64 ], [ 62, 64, 65 ], [ 66, 67, 68 ], [ 66, 68, 69 ], [ 70, 71, 72 ], [ 70, 72, 73 ], [ 74, 75, 76 ], [ 77, 78, 79 ], [ 77, 80, 78 ], [ 81, 82, 83 ], [ 84, 85, 86 ], [ 84, 86, 87 ], [ 88, 89, 90 ], [ 88, 90, 91 ], [ 81, 92, 93 ], [ 81, 93, 82 ], [ 94, 95, 96 ], [ 94, 96, 97 ], [ 98, 99, 100 ], [ 101, 102, 103 ], [ 101, 104, 102 ], [ 105, 106, 107 ], [ 108, 109, 110 ], [ 111, 112, 113 ], [ 111, 114, 112 ], [ 115, 116, 117 ], [ 105, 118, 106 ], [ 119, 120, 121 ], [ 119, 122, 120 ], [ 123, 124, 125 ], [ 115, 126, 116 ], [ 127, 128, 129 ], [ 127, 130, 131 ], [ 127, 131, 128 ], [ 132, 133, 134 ], [ 132, 134, 135 ], [ 136, 137, 138 ], [ 139, 140, 141 ], [ 136, 142, 143 ], [ 136, 143, 137 ], [ 144, 145, 146 ], [ 144, 146, 147 ], [ 148, 149, 150 ], [ 151, 152, 153 ], [ 154, 155, 156 ], [ 154, 156, 157 ], [ 154, 158, 155 ], [ 159, 160, 161 ], [ 162, 163, 164 ], [ 165, 166, 167 ], [ 168, 169, 170 ], [ 168, 170, 171 ], [ 172, 173, 174 ], [ 175, 176, 177 ], [ 172, 178, 179 ], [ 172, 179, 173 ], [ 180, 181, 182 ], [ 183, 184, 185 ], [ 186, 187, 188 ], [ 186, 188, 189 ], [ 190, 191, 192 ], [ 193, 194, 195 ], [ 190, 196, 197 ], [ 190, 197, 191 ], [ 198, 199, 200 ], [ 201, 202, 203 ] ]
/Floor/mstate.constraint = 72 1 0 6.29352e-12 -1 0 29.9995 1.88803e-10 -8.71396e-06  
73 1 0 3.96084e-23 2.49276e-34 -1 1.32967 8.71397e-06 5.26661e-23  
74 1 0 1 6.29352e-12 3.96084e-23 -1.88803e-10 29.9995 1.32967  
75 1 0 6.29896e-12 -1 -6.29541e-12 29.9996 1.42779e-10 7.33655  
76 1 0 -6.29541e-12 6.29541e-12 -1 1.32967 -7.33655 -5.45574e-11  
77 1 0 1 6.29896e-12 -6.29541e-12 -1.80595e-10 29.9996 1.32967  
78 1 0 -1.8975e-11 -1 1.89786e-11 4.99941 -1.89746e-10 -4.99944  
79 1 0 1.89786e-11 -1.89786e-11 -1 1.32967 4.99944 -6.9647e-11  
80 1 0 1 -1.8975e-11 1.89786e-11 6.96288e-11 4.99941 1.32967  
81 1 0 -4.421e-11 -1 4.42171e-11 19.9993 -1.76848e-09 -19.9993  
82 1 0 4.42171e-11 -4.42171e-11 -1 1.32967 19.9993 -8.25517e-10  
83 1 0 1 -4.421e-11 4.42171e-11 8.25374e-10 19.9993 1.32967  
84 1 0 -3.79269e-11 -1 1.77636e-15 9.99885 -3.79226e-10 -5.90305e-06  
85 1 0 1.77636e-15 -1.77636e-15 -1 1.32967 5.903e-06 2.36196e-15  
86 1 0 1 -3.79269e-11 1.77636e-15 3.79223e-10 9.99885 1.32967  
87 1 0 -1.89644e-11 -1 1.89608e-11 23.6675 -1.89671e-10 13.6686  
88 1 0 1.89608e-11 -1.89608e-11 -1 1.32967 -13.6686 2.8438e-10  
89 1 0 1 -1.89644e-11 1.89608e-11 4.23628e-10 23.6675 1.32967  
90 1 0 8.88178e-15 -1 3.79191e-11 -1.9597e-05 -3.79147e-10 -9.99886  
91 1 0 3.79191e-11 -3.79191e-11 -1 1.32967 9.99886 -3.28728e-10  
92 1 0 1 8.88179e-15 3.79191e-11 -5.04198e-11 -1.95973e-05 1.32967  
93 1 0 3.55271e-15 -1 4.42195e-11 -2.12033e-05 -8.84358e-10 -19.9993  
94 1 0 4.42195e-11 -4.42195e-11 -1 1.32967 19.9993 -8.25561e-10  
95 1 0 1 3.55272e-15 4.42195e-11 -5.87973e-11 -2.12041e-05 1.32967  
96 1 0 -4.42171e-11 -1 4.42206e-11 17.3354 1.17921e-10 20.0007  
97 1 0 4.42206e-11 -4.42206e-11 -1 1.32967 -20.0007 9.43242e-10  
98 1 0 1 -4.42171e-11 4.42206e-11 7.07723e-10 17.3354 1.32967  
99 1 0 -3.55271e-15 -1 4.42204e-11 -1.63847e-05 8.84438e-10 20.0007  
100 1 0 4.42204e-11 -4.42204e-11 -1 1.32967 -20.0007 9.43237e-10  
101 1 0 1 -3.55271e-15 4.42204e-11 -5.87985e-11 -1.63838e-05 1.32967  
102 1 0 6.29008e-12 -1 6.29541e-12 -10.0005 -1.25861e-10 -10.0004  
103 1 0 6.29541e-12 -6.29541e-12 -1 1.32967 10.0004 -5.45861e-11  
104 1 0 1 6.29008e-12 6.29541e-12 5.45329e-11 -10.0005 1.32967  
105 1 0 6.2958e-12 -1 3.55271e-15 -10.0005 -6.29608e-11 -3.09222e-06  
106 1 0 3.55271e-15 -3.55271e-15 -1 1.32967 3.09223e-06 4.72393e-15  
107 1 0 1 6.2958e-12 3.55271e-15 6.29561e-11 -10.0005 1.32967  
108 1 0 6.29363e-12 -1 -6.29186e-12 -10.0004 -1.2586e-10 10.0004  
109 1 0 -6.29186e-12 6.29186e-12 -1 1.32967 -10.0004 -7.12873e-11  
110 1 0 1 6.29363e-12 -6.29186e-12 7.13052e-11 -10.0004 1.32967  
111 1 0 6.29363e-12 -1 4.42197e-11 -1.7991e-05 -3.12116e-16 -4.49772e-06  
112 1 0 4.42197e-11 -4.42197e-11 -1 1.32967 4.49773e-06 5.87974e-11  
113 1 0 1 6.29363e-12 4.42197e-11 -5.87975e-11 -1.79909e-05 1.32967  
114 1 0 -3.55271e-15 -1 3.55271e-15 29.9995 -1.77632e-13 -19.9993  
115 1 0 3.55271e-15 -3.55271e-15 -1 1.32967 19.9993 -6.63279e-14  
116 1 0 -1 3.55271e-15 -3.55271e-15 -1.01856e-13 -29.9995 -1.32967  
117 1 0 0 -1 0 29.9996 0 20.0007  
118 1 0 0 0 -1 1.32967 -20.0007 0  
119 1 0 -1 0 0 0 -29.9996 -1.32967  
120 1 0 3.55271e-15 -1 1.77636e-15 -10.0005 -7.10547e-14 -19.9993  
121 1 0 1.77636e-15 -1.77636e-15 -1 1.32967 19.9993 -3.31639e-14  
122 1 0 -1 -3.55271e-15 -1.77636e-15 -3.31668e-14 10.0005 -1.32967  
123 1 0 7.10543e-15 -1 5.32907e-15 -10.0004 3.55278e-14 20.0007  
124 1 0 5.32907e-15 -5.32907e-15 -1 1.32967 -20.0007 1.13671e-13  
125 1 0 -1 -7.10543e-15 -5.32907e-15 -6.39715e-14 10.0004 -1.32967  

/Floor/mstate.9(V_DERIV) = -3.69882e-07 -1.1772 -1.16563e-06 11.7699 -8.44942e-05 0.000360424
/Floor/mstate.constraint = 72 1 0 6.29352e-12 -1 0 29.9995 1.88803e-10 -8.71396e-06  
73 1 0 3.96084e-23 2.49276e-34 -1 1.32967 8.71397e-06 5.26661e-23  
74 1 0 1 6.29352e-12 3.96084e-23 -1.88803e-10 29.9995 1.32967  
75 1 0 6.29896e-12 -1 -6.29541e-12 29.9996 1.42779e-10 7.33655  
76 1 0 -6.29541e-12 6.29541e-12 -1 1.32967 -7.33655 -5.45574e-11  
77 1 0 1 6.29896e-12 -6.29541e-12 -1.80595e-10 29.9996 1.32967  
78 1 0 -1.8975e-11 -1 1.89786e-11 4.99941 -1.89746e-10 -4.99944  
79 1 0 1.89786e-11 -1.89786e-11 -1 1.32967 4.99944 -6.9647e-11  
80 1 0 1 -1.8975e-11 1.89786e-11 6.96288e-11 4.99941 1.32967  
81 1 0 -4.421e-11 -1 4.42171e-11 19.9993 -1.76848e-09 -19.9993  
82 1 0 4.42171e-11 -4.42171e-11 -1 1.32967 19.9993 -8.25517e-10  
83 1 0 1 -4.421e-11 4.42171e-11 8.25374e-10 19.9993 1.32967  
84 1 0 -3.79269e-11 -1 1.77636e-15 9.99885 -3.79226e-10 -5.90305e-06  
85 1 0 1.77636e-15 -1.77636e-15 -1 1.32967 5.903e-06 2.36196e-15  
86 1 0 1 -3.79269e-11 1.77636e-15 3.79223e-10 9.99885 1.32967  
87 1 0 -1.89644e-11 -1 1.89608e-11 23.6675 -1.89671e-10 13.6686  
88 1 0 1.89608e-11 -1.89608e-11 -1 1.32967 -13.6686 2.8438e-10  
89 1 0 1 -1.89644e-11 1.89608e-11 4.23628e-10 23.6675 1.32967  
90 1 0 8.88178e-15 -1 3.79191e-11 -1.9597e-05 -3.79147e-10 -9.99886  
91 1 0 3.79191e-11 -3.79191e-11 -1 1.32967 9.99886 -3.28728e-10  
92 1 0 1 8.88179e-15 3.79191e-11 -5.04198e-11 -1.95973e-05 1.32967  
93 1 0 3.55271e-15 -1 4.42195e-11 -2.12033e-05 -8.84358e-10 -19.9993  
94 1 0 4.42195e-11 -4.42195e-11 -1 1.32967 19.9993 -8.25561e-10  
95 1 0 1 3.55272e-15 4.42195e-11 -5.87973e-11 -2.12041e-05 1.32967  
96 1 0 -4.42171e-11 -1 4.42206e-11 17.3354 1.17921e-10 20.0007  
97 1 0 4.42206e-11 -4.42206e-11 -1 1.32967 -20.0007 9.43242e-10  
98 1 0 1 -4.42171e-11 4.42206e-11 7.07723e-10 17.3354 1.32967  
99 1 0 -3.55271e-15 -1 4.42204e-11 -1.63847e-05 8.84438e-10 20.0007  
100 1 0 4.42204e-11 -4.42204e-11 -1 1.32967 -20.0007 9.43237e-10  
101 1 0 1 -3.55271e-15 4.42204e-11 -5.87985e-11 -1.63838e-05 1.32967  
102 1 0 6.29008e-12 -1 6.29541e-12 -10.0005 -1.25861e-10 -10.0004  
103 1 0 6.29541e-12 -6.29541e-12 -1 1.32967 10.0004 -5.45861e-11  
104 1 0 1 6.29008e-12 6.29541e-12 5.45329e-11 -10.0005 1.32967  
105 1 0 6.2958e-12 -1 3.55271e-15 -10.0005 -6.29608e-11 -3.09222e-06  
106 1 0 3.55271e-15 -3.55271e-15 -1 1.32967 3.09223e-06 4.72393e-15  
107 1 0 1 6.2958e-12 3.55271e-15 6.29561e-11 -10.0005 1.32967  
108 1 0 6.29363e-12 -1 -6.29186e-12 -10.0004 -1.2586e-10 10.0004  
109 1 0 -6.29186e-12 6.29186e-12 -1 1.32967 -10.0004 -7.12873e-11  
110 1 0 1 6.29363e-12 -6.29186e-12 7.13052e-11 -10.0004 1.32967  
111 1 0 6.29363e-12 -1 4.42197e-11 -1.7991e-05 -3.12116e-16 -4.49772e-06  
112 1 0 4.42197e-11 -4.42197e-11 -1 1.32967 4.49773e-06 5.87974e-11  
113 1 0 1 6.29363e-12 4.42197e-11 -5.87975e-11 -1.79909e-05 1.32967  
114 1 0 -3.55271e-15 -1 3.55271e-15 29.9995 -1.77632e-13 -19.9993  
115 1 0 3.55271e-15 -3.55271e-15 -1 1.32967 19.9993 -6.63279e-14  
116 1 0 -1 3.55271e-15 -3.55271e-15 -1.01856e-13 -29.9995 -1.32967  
117 1 0 0 -1 0 29.9996 0 20.0007  
118 1 0 0 0 -1 1.32967 -20.0007 0  
119 1 0 -1 0 0 0 -29.9996 -1.32967  
120 1 0 3.55271e-15 -1 1.77636e-15 -10.0005 -7.10547e-14 -19.9993  
121 1 0 1.77636e-15 -1.77636e-15 -1 1.32967 19.9993 -3.31639e-14  
122 1 0 -1 -3.55271e-15 -1.77636e-15 -3.31668e-14 10.0005 -1.32967  
123 1 0 7.10543e-15 -1 5.32907e-15 -10.0004 3.55278e-14 20.0007  
124 1 0 5.32907e-15 -5.32907e-15 -1 1.32967 -20.0007 1.13671e-13  
125 1 0 -1 -7.10543e-15 -5.32907e-15 -6.39715e-14 10.0004 -1.32967  

/Floor/mstate.9(V_DERIV) = -3.69882e-07 -1.1772 -1.16563e-06 11.7699 -8.44942e-05 0.000360424
/Floor/collision/TLineModel.color = 0.498039 0.498039 0.498039 1
/Floor/VisualModel/loader.defaultMaterial = Default Diffuse 1 0.74902 0.74902 0.74902 1 Ambient 1 0.2 0.2 0.2 1 Specular 0 1 1 1 1 Emissive 0 0 0 0 0 Shininess 0 45 
/Floor/VisualModel/loader.faceList = [ [ 18, 28, 20 ], [ 18, 20, 3 ], [ 28, 24, 20 ], [ 24, 11, 20 ], [ 10, 23, 28 ], [ 10, 28, 18 ], [ 23, 12, 28 ], [ 12, 24, 28 ], [ 24, 27, 11 ], [ 27, 19, 11 ], [ 27, 14, 19 ], [ 14, 2, 19 ], [ 12, 21, 27 ], [ 12, 27, 24 ], [ 21, 8, 14 ], [ 21, 14, 27 ], [ 17, 26, 10 ], [ 26, 23, 10 ], [ 26, 22, 12 ], [ 26, 12, 23 ], [ 0, 15, 26 ], [ 0, 26, 17 ], [ 15, 9, 22 ], [ 15, 22, 26 ], [ 22, 25, 21 ], [ 22, 21, 12 ], [ 25, 13, 8 ], [ 25, 8, 21 ], [ 9, 16, 25 ], [ 9, 25, 22 ], [ 16, 1, 13 ], [ 16, 13, 25 ], [ 35, 49, 36 ], [ 35, 36, 5 ], [ 49, 45, 30 ], [ 49, 30, 36 ], [ 29, 44, 35 ], [ 44, 49, 35 ], [ 44, 33, 49 ], [ 33, 45, 49 ], [ 45, 48, 37 ], [ 45, 37, 30 ], [ 48, 38, 6 ], [ 48, 6, 37 ], [ 33, 42, 48 ], [ 33, 48, 45 ], [ 42, 31, 38 ], [ 42, 38, 48 ], [ 34, 47, 29 ], [ 47, 44, 29 ], [ 47, 43, 44 ], [ 43, 33, 44 ], [ 4, 40, 34 ], [ 40, 47, 34 ], [ 40, 32, 47 ], [ 32, 43, 47 ], [ 43, 46, 33 ], [ 46, 42, 33 ], [ 46, 39, 42 ], [ 39, 31, 42 ], [ 32, 41, 43 ], [ 41, 46, 43 ], [ 41, 7, 39 ], [ 41, 39, 46 ], [ 0, 17, 40 ], [ 0, 40, 4 ], [ 10, 32, 17 ], [ 32, 40, 17 ], [ 10, 18, 41 ], [ 10, 41, 32 ], [ 3, 7, 41 ], [ 3, 41, 18 ], [ 3, 20, 7 ], [ 20, 39, 7 ], [ 11, 31, 39 ], [ 11, 39, 20 ], [ 11, 19, 31 ], [ 19, 38, 31 ], [ 2, 6, 19 ], [ 6, 38, 19 ], [ 2, 14, 37 ], [ 2, 37, 6 ], [ 8, 30, 14 ], [ 30, 37, 14 ], [ 8, 13, 36 ], [ 8, 36, 30 ], [ 1, 5, 13 ], [ 5, 36, 13 ], [ 1, 16, 35 ], [ 1, 35, 5 ], [ 9, 29, 16 ], [ 29, 35, 16 ], [ 9, 15, 34 ], [ 9, 34, 29 ], [ 0, 4, 15 ], [ 4, 34, 15 ] ]
/Floor/VisualModel/loader.normalsIndex = [ [ 18, 28, 20 ], [ 18, 20, 3 ], [ 28, 24, 20 ], [ 24, 11, 20 ], [ 10, 23, 28 ], [ 10, 28, 18 ], [ 23, 12, 28 ], [ 12, 24, 28 ], [ 24, 27, 11 ], [ 27, 19, 11 ], [ 27, 14, 19 ], [ 14, 2, 19 ], [ 12, 21, 27 ], [ 12, 27, 24 ], [ 21, 8, 14 ], [ 21, 14, 27 ], [ 17, 26, 10 ], [ 26, 23, 10 ], [ 26, 22, 12 ], [ 26, 12, 23 ], [ 0, 15, 26 ], [ 0, 26, 17 ], [ 15, 9, 22 ], [ 15, 22, 26 ], [ 22, 25, 21 ], [ 22, 21, 12 ], [ 25, 13, 8 ], [ 25, 8, 21 ], [ 9, 16, 25 ], [ 9, 25, 22 ], [ 16, 1, 13 ], [ 16, 13, 25 ], [ 35, 49, 36 ], [ 35, 36, 5 ], [ 49, 45, 30 ], [ 49, 30, 36 ], [ 29, 44, 35 ], [ 44, 49, 35 ], [ 44, 33, 49 ], [ 33, 45, 49 ], [ 45, 48, 37 ], [ 45, 37, 30 ], [ 48, 38, 6 ], [ 48, 6, 37 ], [ 33, 42, 48 ], [ 33, 48, 45 ], [ 42, 31, 38 ], [ 42, 38, 48 ], [ 34, 47, 29 ], [ 47, 44, 29 ], [ 47, 43, 44 ], [ 43, 33, 44 ], [ 4, 40, 34 ], [ 40, 47, 34 ], [ 40, 32, 47 ], [ 32, 43, 47 ], [ 43, 46, 33 ], [ 46, 42, 33 ], [ 46, 39, 42 ], [ 39, 31, 42 ], [ 32, 41, 43 ], [ 41, 46, 43 ], [ 41, 7, 39 ], [ 41, 39, 46 ], [ 0, 17, 40 ], [ 0, 40, 4 ], [ 10, 32, 17 ], [ 32, 40, 17 ], [ 10, 18, 41 ], [ 10, 41, 32 ], [ 3, 7, 41 ], [ 3, 41, 18 ], [ 3, 20, 7 ], [ 20, 39, 7 ], [ 11, 31, 39 ], [ 11, 39, 20 ], [ 11, 19, 31 ], [ 19, 38, 31 ], [ 2, 6, 19 ], [ 6, 38, 19 ], [ 2, 14, 37 ], [ 2, 37, 6 ], [ 8, 30, 14 ], [ 30, 37, 14 ], [ 8, 13, 36 ], [ 8, 36, 30 ], [ 1, 5, 13 ], [ 5, 36, 13 ], [ 1, 16, 35 ], [ 1, 35, 5 ], [ 9, 29, 16 ], [ 29, 35, 16 ], [ 9, 15, 34 ], [ 9, 34, 29 ], [ 0, 4, 15 ], [ 4, 34, 15 ] ]
/Floor/VisualModel/loader.texcoordsIndex = [ [ 0, 1, 2 ], [ 0, 2, 3 ], [ 4, 5, 6 ], [ 7, 8, 9 ], [ 10, 11, 12 ], [ 10, 12, 13 ], [ 14, 15, 16 ], [ 17, 18, 19 ], [ 7, 20, 8 ], [ 21, 22, 23 ], [ 21, 24, 22 ], [ 25, 26, 27 ], [ 17, 28, 29 ], [ 17, 29, 18 ], [ 30, 31, 32 ], [ 30, 32, 33 ], [ 34, 35, 36 ], [ 37, 38, 39 ], [ 37, 40, 41 ], [ 37, 41, 38 ], [ 42, 43, 44 ], [ 42, 44, 45 ], [ 46, 47, 48 ], [ 46, 48, 49 ], [ 50, 51, 52 ], [ 50, 52, 53 ], [ 54, 55, 56 ], [ 54, 56, 57 ], [ 58, 59, 60 ], [ 58, 60, 61 ], [ 62, 63, 64 ], [ 62, 64, 65 ], [ 66, 67, 68 ], [ 66, 68, 69 ], [ 70, 71, 72 ], [ 70, 72, 73 ], [ 74, 75, 76 ], [ 77, 78, 79 ], [ 77, 80, 78 ], [ 81, 82, 83 ], [ 84, 85, 86 ], [ 84, 86, 87 ], [ 88, 89, 90 ], [ 88, 90, 91 ], [ 81, 92, 93 ], [ 81, 93, 82 ], [ 94, 95, 96 ], [ 94, 96, 97 ], [ 98, 99, 100 ], [ 101, 102, 103 ], [ 101, 104, 102 ], [ 105, 106, 107 ], [ 108, 109, 110 ], [ 111, 112, 113 ], [ 111, 114, 112 ], [ 115, 116, 117 ], [ 105, 118, 106 ], [ 119, 120, 121 ], [ 119, 122, 120 ], [ 123, 124, 125 ], [ 115, 126, 116 ], [ 127, 128, 129 ], [ 127, 130, 131 ], [ 127, 131, 128 ], [ 132, 133, 134 ], [ 132, 134, 135 ], [ 136, 137, 138 ], [ 139, 140, 141 ], [ 136, 142, 143 ], [ 136, 143, 137 ], [ 144, 145, 146 ], [ 144, 146, 147 ], [ 148, 149, 150 ], [ 151, 152, 153 ], [ 154, 155, 156 ], [ 154, 156, 157 ], [ 154, 158, 155 ], [ 159, 160, 161 ], [ 162, 163, 164 ], [ 165, 166, 167 ], [ 168, 169, 170 ], [ 168, 170, 171 ], [ 172, 173, 174 ], [ 175, 176, 177 ], [ 172, 178, 179 ], [ 172, 179, 173 ], [ 180, 181, 182 ], [ 183, 184, 185 ], [ 186, 187, 188 ], [ 186, 188, 189 ], [ 190, 191, 192 ], [ 193, 194, 195 ], [ 190, 196, 197 ], [ 190, 197, 191 ], [ 198, 199, 200 ], [ 201, 202, 203 ] ]
/Floor/collision/loader.defaultMaterial = Default Diffuse 1 0.74902 0.74902 0.74902 1 Ambient 1 0.2 0.2 0.2 1 Specular 0 1 1 1 1 Emissive 0 0 0 0 0 Shininess 0 45 
/Floor/collision/loader.faceList = [ [ 18, 28, 20 ], [ 18, 20, 3 ], [ 28, 24, 20 ], [ 24, 11, 20 ], [ 10, 23, 28 ], [ 10, 28, 18 ], [ 23, 12, 28 ], [ 12, 24, 28 ], [ 24, 27, 11 ], [ 27, 19, 11 ], [ 27, 14, 19 ], [ 14, 2, 19 ], [ 12, 21, 27 ], [ 12, 27, 24 ], [ 21, 8, 14 ], [ 21, 14, 27 ], [ 17, 26, 10 ], [ 26, 23, 10 ], [ 26, 22, 12 ], [ 26, 12, 23 ], [ 0, 15, 26 ], [ 0, 26, 17 ], [ 15, 9, 22 ], [ 15, 22, 26 ], [ 22, 25, 21 ], [ 22, 21, 12 ], [ 25, 13, 8 ], [ 25, 8, 21 ], [ 9, 16, 25 ], [ 9, 25, 22 ], [ 16, 1, 13 ], [ 16, 13, 25 ], [ 35, 49, 36 ], [ 35, 36, 5 ], [ 49, 45, 30 ], [ 49, 30, 36 ], [ 29, 44, 35 ], [ 44, 49, 35 ], [ 44, 33, 49 ], [ 33, 45, 49 ], [ 45, 48, 37 ], [ 45, 37, 30 ], [ 48, 38, 6 ], [ 48, 6, 37 ], [ 33, 42, 48 ], [ 33, 48, 45 ], [ 42, 31, 38 ], [ 42, 38, 48 ], [ 34, 47, 29 ], [ 47, 44, 29 ], [ 47, 43, 44 ], [ 43, 33, 44 ], [ 4, 40, 34 ], [ 40, 47, 34 ], [ 40, 32, 47 ], [ 32, 43, 47 ], [ 43, 46, 33 ], [ 46, 42, 33 ], [ 46, 39, 42 ], [ 39, 31, 42 ], [ 32, 41, 43 ], [ 41, 46, 43 ], [ 41, 7, 39 ], [ 41, 39, 46 ], [ 0, 17, 40 ], [ 0, 40, 4 ], [ 10, 32, 17 ], [ 32, 40, 17 ], [ 10, 18, 41 ], [ 10, 41, 32 ], [ 3, 7, 41 ], [ 3, 41, 18 ], [ 3, 20, 7 ], [ 20, 39, 7 ], [ 11, 31, 39 ], [ 11, 39, 20 ], [ 11, 19, 31 ], [ 19, 38, 31 ], [ 2, 6, 19 ], [ 6, 38, 19 ], [ 2, 14, 37 ], [ 2, 37, 6 ], [ 8, 30, 14 ], [ 30, 37, 14 ], [ 8, 13, 36 ], [ 8, 36, 30 ], [ 1, 5, 13 ], [ 5, 36, 13 ], [ 1, 16, 35 ], [ 1, 35, 5 ], [ 9, 29, 16 ], [ 29, 35, 16 ], [ 9, 15, 34 ], [ 9, 34, 29 ], [ 0, 4, 15 ], [ 4, 34, 15 ] ]
/Floor/collision/loader.normalsIndex = [ [ 18, 28, 20 ], [ 18, 20, 3 ], [ 28, 24, 20 ], [ 24, 11, 20 ], [ 10, 23, 28 ], [ 10, 28, 18 ], [ 23, 12, 28 ], [ 12, 24, 28 ], [ 24, 27, 11 ], [ 27, 19, 11 ], [ 27, 14, 19 ], [ 14, 2, 19 ], [ 12, 21, 27 ], [ 12, 27, 24 ], [ 21, 8, 14 ], [ 21, 14, 27 ], [ 17, 26, 10 ], [ 26, 23, 10 ], [ 26, 22, 12 ], [ 26, 12, 23 ], [ 0, 15, 26 ], [ 0, 26, 17 ], [ 15, 9, 22 ], [ 15, 22, 26 ], [ 22, 25, 21 ], [ 22, 21, 12 ], [ 25, 13, 8 ], [ 25, 8, 21 ], [ 9, 16, 25 ], [ 9, 25, 22 ], [ 16, 1, 13 ], [ 16, 13, 25 ], [ 35, 49, 36 ], [ 35, 36, 5 ], [ 49, 45, 30 ], [ 49, 30, 36 ], [ 29, 44, 35 ], [ 44, 49, 35 ], [ 44, 33, 49 ], [ 33, 45, 49 ], [ 45, 48, 37 ], [ 45, 37, 30 ], [ 48, 38, 6 ], [ 48, 6, 37 ], [ 33, 42, 48 ], [ 33, 48, 45 ], [ 42, 31, 38 ], [ 42, 38, 48 ], [ 34, 47, 29 ], [ 47, 44, 29 ], [ 47, 43, 44 ], [ 43, 33, 44 ], [ 4, 40, 34 ], [ 40, 47, 34 ], [ 40, 32, 47 ], [ 32, 43, 47 ], [ 43, 46, 33 ], [ 46, 42, 33 ], [ 46, 39, 42 ], [ 39, 31, 42 ], [ 32, 41, 43 ], [ 41, 46, 43 ], [ 41, 7, 39 ], [ 41, 39, 46 ], [ 0, 17, 40 ], [ 0, 40, 4 ], [ 10, 32, 17 ], [ 32, 40, 17 ], [ 10, 18, 41 ], [ 10, 41, 32 ], [ 3, 7, 41 ], [ 3, 41, 18 ], [ 3, 20, 7 ], [ 20, 39, 7 ], [ 11, 31, 39 ], [ 11, 39, 20 ], [ 11, 19, 31 ], [ 19, 38, 31 ], [ 2, 6, 19 ], [ 6, 38, 19 ], [ 2, 14, 37 ], [ 2, 37, 6 ], [ 8, 30, 14 ], [ 30, 37, 14 ], [ 8, 13, 36 ], [ 8, 36, 30 ], [ 1, 5, 13 ], [ 5, 36, 13 ], [ 1, 16, 35 ], [ 1, 35, 5 ], [ 9, 29, 16 ], [ 29, 35, 16 ], [ 9, 15, 34 ], [ 9, 34, 29 ], [ 0, 4, 15 ], [ 4, 34, 15 ] ]
/Floor/collision/loader.texcoordsIndex = [ [ 0, 1, 2 ], [ 0, 2, 3 ], [ 4, 5, 6 ], [ 7, 8, 9 ], [ 10, 11, 12 ], [ 10, 12, 13 ], [ 14, 15, 16 ], [ 17, 18, 19 ], [ 7, 20, 8 ], [ 21, 22, 23 ], [ 21, 24, 22 ], [ 25, 26, 27 ], [ 17, 28, 29 ], [ 17, 29, 18 ], [ 30, 31, 32 ], [ 30, 32, 33 ], [ 34, 35, 36 ], [ 37, 38, 39 ], [ 37, 40, 41 ], [ 37, 41, 38 ], [ 42, 43, 44 ], [ 42, 44, 45 ], [ 46, 47, 48 ], [ 46, 48, 49 ], [ 50, 51, 52 ], [ 50, 52, 53 ], [ 54, 55, 56 ], [ 54, 56, 57 ], [ 58, 59, 60 ], [ 58, 60, 61 ], [ 62, 63, 64 ], [ 62, 64, 65 ], [ 66, 67, 68 ], [ 66, 68, 69 ], [ 70, 71, 72 ], [ 70, 72, 73 ], [ 74, 75, 76 ], [ 77, 78, 79 ], [ 77, 80, 78 ], [ 81, 82, 83 ], [ 84, 85, 86 ], [ 84, 86, 87 ], [ 88, 89, 90 ], [ 88, 90, 91 ], [ 81, 92, 93 ], [ 81, 93, 82 ], [ 94, 95, 96 ], [ 94, 96, 97 ], [ 98, 99, 100 ], [ 101, 102, 103 ], [ 101, 104, 102 ], [ 105, 106, 107 ], [ 108, 109, 110 ], [ 111, 112, 113 ], [ 111, 114, 112 ], [ 115, 116, 117 ], [ 105, 118, 106 ], [ 119, 120, 121 ], [ 119, 122, 120 ], [ 123, 124, 125 ], [ 115, 126, 116 ], [ 127, 128, 129 ], [ 127, 130, 131 ], [ 127, 131, 128 ], [ 132, 133, 134 ], [ 132, 134, 135 ], [ 136, 137, 138 ], [ 139, 140, 141 ], [ 136, 142, 143 ], [ 136, 143, 137 ], [ 144, 145, 146 ], [ 144, 146, 147 ], [ 148, 149, 150 ], [ 151, 152, 153 ], [ 154, 155, 156 ], [ 154, 156, 157 ], [ 154, 158, 155 ], [ 159, 160, 161 ], [ 162, 163, 164 ], [ 165, 166, 167 ], [ 168, 169, 170 ], [ 168, 170, 171 ], [ 172, 173, 174 ], [ 175, 176, 177 ], [ 172, 178, 179 ], [ 172, 179, 173 ], [ 180, 181, 182 ], [ 183, 184, 185 ], [ 186, 187, 188 ], [ 186, 188, 189 ], [ 190, 191, 192 ], [ 193, 194, 195 ], [ 190, 196, 197 ], [ 190, 197, 191 ], [ 198, 199, 200 ], [ 201, 202, 203 ] ]
/Cube2/collision/MechanicalObject.constraint = 0 2 5 5.90156e-14 -0.00010888 3.19599e-07  6 5.41963e-10 -0.999887 0.002935  
1 2 5 3.196e-07 -3.19597e-07 -0.000108879  6 0.00293501 -0.00293499 -0.999883  
2 2 5 -0.00010888 -9.38187e-10 -3.19599e-07  6 -0.999887 -8.61574e-06 -0.002935  
3 2 4 -6.46941e-08 -9.11326e-05 -6.4694e-08  6 -0.000709825 -0.999908 -0.000709824  
4 2 4 -6.46022e-08 6.47399e-08 -9.11326e-05  6 -0.000708816 0.000710327 -0.999908  
5 2 4 -9.11326e-05 6.46482e-08 6.46481e-08  6 -0.999908 0.000709321 0.00070932  
6 2 4 -1.06756e-06 -0.000244037 2.05633e-13  5 -0.00437345 -0.999746 8.42417e-10  
7 2 4 4.67025e-09 -2.0636e-11 -0.000244039  5 1.91326e-05 -8.45393e-08 -0.999756  
8 2 4 -0.000244037 1.06756e-06 -4.6703e-09  5 -0.999746 0.00437345 -1.91328e-05  
9 2 6 -0.00435475 -0.999917 3.01638e-09  7 -3.19597e-07 -7.33843e-05 2.21373e-13  
10 2 6 1.89682e-05 -8.56251e-08 -0.999927  7 1.39208e-09 -6.28406e-12 -7.3385e-05  
11 2 6 -0.999917 0.00435475 -1.89684e-05  7 -7.33843e-05 3.19597e-07 -1.3921e-09  
12 2 4 6.65389e-09 -0.999891 0.00973994  7 4.07833e-13 -6.12858e-05 5.96985e-07  
13 2 4 0.0097404 -0.00973948 -0.999844  7 5.97013e-07 -5.96957e-07 -6.12829e-05  
14 2 4 -0.999891 -9.48835e-05 -0.00973994  7 -6.12858e-05 -5.81564e-09 -5.96985e-07  
15 3 4 4.6276e-16 -7.3385e-05 3.24427e-15  5 2.2383e-16 -3.54953e-05 1.56921e-15  6 6.30523e-12 -0.999891 4.42041e-11  
16 3 4 3.24427e-15 -3.24427e-15 -7.3385e-05  5 1.56921e-15 -1.56921e-15 -3.54953e-05  6 4.42041e-11 -4.42041e-11 -0.999891  
17 3 4 -7.3385e-05 -4.6276e-16 -3.24427e-15  5 -3.54953e-05 -2.2383e-16 -1.56921e-15  6 -0.999891 -6.30523e-12 -4.42041e-11  
18 1 5 -0.00437431 -0.999943 0.00976088  
19 1 5 0.00973728 -0.0098031 -0.999905  
20 1 5 0.999943 -0.00427885 0.0097796  
21 1 6 -0.00435505 -0.999986 0.00293529  
22 1 6 0.00294142 -0.00294812 -0.999991  
23 1 6 0.999986 -0.00434637 0.00295422  
24 1 4 0.00245143 -0.99995 0.00974051  
25 1 4 0.00977106 -0.00971612 -0.999905  
26 1 4 0.999949 0.00254637 0.00974675  
27 1 7 0.00245093 -0.999993 0.00293477  
28 1 7 0.002948 -0.00292754 -0.999991  
29 1 7 0.999993 0.00245956 0.0029408  
30 2 4 -5.59145e-11 -0.000244021 1.0801e-14  5 -2.29082e-07 -0.999756 4.42518e-11  
31 2 4 1.08138e-14 -1.0801e-14 -0.000244021  5 4.43043e-11 -4.42518e-11 -0.999756  
32 2 4 0.000244021 -5.59145e-11 1.08138e-14  5 0.999756 -2.29082e-07 4.43043e-11  
33 2 4 0.00206699 -0.957383 3.24002e-07  5 9.20041e-05 -0.0426143 1.44217e-08  
34 2 4 4.7873e-06 -3.13667e-07 -0.957386  5 2.13089e-07 -1.39617e-08 -0.0426144  
35 2 4 0.957383 0.00206699 4.78661e-06  5 0.0426143 9.20041e-05 2.13058e-07  
36 2 4 3.68364e-07 -0.999939 3.68401e-07  6 2.25554e-11 -6.12276e-05 2.25577e-11  
37 2 4 3.68401e-07 -3.68401e-07 -0.999939  6 2.25577e-11 -2.25577e-11 -6.12276e-05  
38 2 4 0.999939 3.68364e-07 3.68401e-07  6 6.12276e-05 2.25554e-11 2.25577e-11  
39 2 4 0.000636378 -0.3624 0.000636378  6 0.00111963 -0.637597 0.00111963  
40 2 4 0.000638614 -0.000635256 -0.3624  6 0.00112356 -0.00111765 -0.637597  
41 2 4 0.3624 0.000637498 0.000637497  6 0.637597 0.0011216 0.0011216  
42 2 4 6.5437e-12 -0.999939 3.68464e-07  7 4.00808e-16 -6.12473e-05 2.25688e-11  
43 2 4 3.68464e-07 -3.68464e-07 -0.999939  7 2.25688e-11 -2.25688e-11 -6.12473e-05  
44 2 4 0.999939 6.67947e-12 3.68464e-07  7 6.12473e-05 4.09124e-16 2.25688e-11  
45 2 4 6.70548e-12 -0.999695 5.97347e-07  7 2.04389e-15 -0.000304716 1.82077e-10  
46 2 4 5.97347e-07 -5.97347e-07 -0.999695  7 1.82077e-10 -1.82077e-10 -0.000304716  
47 2 4 0.999695 7.06241e-12 5.97347e-07  7 0.000304716 2.15269e-15 1.82077e-10  
48 2 4 4.01112e-11 -0.000108883 4.01152e-11  6 3.68346e-07 -0.999891 3.68383e-07  
49 2 4 4.01153e-11 -4.01152e-11 -0.000108883  6 3.68384e-07 -3.68383e-07 -0.999891  
50 2 4 0.000108883 4.01112e-11 4.01153e-11  6 0.999891 3.68346e-07 3.68384e-07  
51 2 6 9.07052e-05 -0.0418896 4.3559e-09  7 0.00207463 -0.958108 9.96291e-08  
52 2 6 2.00772e-07 -3.92117e-09 -0.0418897  7 4.59211e-06 -8.96859e-08 -0.95811  
53 2 6 0.0418896 9.07052e-05 2.00763e-07  7 0.958108 0.00207463 4.5919e-06  
54 1 5 1.43828e-06 -0.999952 0.00976023  
55 1 5 0.00976071 -0.00975975 -0.999905  
56 1 5 0.999952 9.67049e-05 0.00976023  
57 1 4 0.00244988 -0.999997 -5.00454e-08  
58 1 4 5.95176e-06 6.46267e-08 -1  
59 1 4 0.999997 0.00244988 5.9519e-06  
60 1 4 0.00609617 -0.999963 0.00609469  
61 1 4 0.00616923 -0.00605707 -0.999963  
62 1 4 0.999962 0.00613354 0.00613208  
63 1 7 0.00245044 -0.999997 -5.01405e-08  
64 1 7 5.95439e-06 6.47315e-08 -1  
65 1 7 0.999997 0.00245044 5.95453e-06  
66 1 7 2.72303e-07 -0.999996 0.0029352  
67 1 7 0.00293521 -0.00293518 -0.999991  
68 1 7 0.999996 8.88773e-06 0.0029352  
69 1 7 -2.29075e-07 -1 3.68526e-07  
70 1 7 3.68526e-07 -3.68526e-07 -1  
71 1 7 1 -2.29075e-07 3.68526e-07  
72 2 1 -3.14687e-12 0.500017 -0  2 -3.14665e-12 0.499983 -0  
73 2 1 -1.98049e-23 -1.24642e-34 0.500017  2 -1.98035e-23 -1.24634e-34 0.499983  
74 2 1 -0.500017 -3.14687e-12 -1.98049e-23  2 -0.499983 -3.14665e-12 -1.98035e-23  
75 2 1 -1.99427e-12 0.316603 1.99315e-12  2 -4.30469e-12 0.683397 4.30226e-12  
76 2 1 1.99315e-12 -1.99315e-12 0.316603  2 4.30226e-12 -4.30226e-12 0.683397  
77 2 1 -0.316603 -1.99427e-12 1.99315e-12  2 -0.683397 -4.30469e-12 4.30226e-12  
78 2 0 1.18595e-11 0.625003 -1.18617e-11  2 7.11558e-12 0.374997 -7.11691e-12  
79 2 0 -1.18617e-11 1.18617e-11 0.625003  2 -7.11691e-12 7.11691e-12 0.374997  
80 2 0 -0.625003 1.18595e-11 -1.18617e-11  2 -0.374997 7.11558e-12 -7.11691e-12  
81 2 0 1.10528e-11 0.250006 -1.10545e-11  1 3.31572e-11 0.749994 -3.31625e-11  
82 2 0 -1.10545e-11 1.10545e-11 0.250006  1 -3.31625e-11 3.31625e-11 0.749994  
83 2 0 -0.250006 1.10528e-11 -1.10545e-11  1 -0.749994 3.31572e-11 -3.31625e-11  
84 2 0 1.89641e-11 0.500017 -8.88209e-16  2 1.89628e-11 0.499983 -8.88148e-16  
85 2 0 -8.8821e-16 8.88209e-16 0.500017  2 -8.88148e-16 8.88148e-16 0.499983  
86 2 0 -0.500017 1.89641e-11 -8.8821e-16  2 -0.499983 1.89628e-11 -8.88148e-16  
87 2 0 3.00209e-12 0.158302 -3.00153e-12  2 1.59623e-11 0.841698 -1.59593e-11  
88 2 0 -3.00153e-12 3.00153e-12 0.158302  2 -1.59593e-11 1.59593e-11 0.841698  
89 2 0 -0.158302 3.00209e-12 -3.00153e-12  2 -0.841698 1.59623e-11 -1.59593e-11  
90 2 0 -6.66124e-15 0.749989 -2.84389e-11  2 -2.22054e-15 0.250011 -9.48018e-12  
91 2 0 -2.84389e-11 2.84389e-11 0.749989  2 -9.48018e-12 9.48018e-12 0.250011  
92 2 0 -0.749989 -6.66124e-15 -2.84389e-11  2 -0.250011 -2.22054e-15 -9.48018e-12  
93 2 0 -2.6645e-15 0.749989 -3.31641e-11  1 -8.88218e-16 0.250011 -1.10554e-11  
94 2 0 -3.31641e-11 3.31641e-11 0.749989  1 -1.10554e-11 1.10554e-11 0.250011  
95 2 0 -0.749989 -2.6645e-15 -3.31641e-11  1 -0.250011 -8.88218e-16 -1.10554e-11  
96 2 2 3.02178e-11 0.683397 -3.02202e-11  3 1.39993e-11 0.316603 -1.40004e-11  
97 2 2 -3.02202e-11 3.02202e-11 0.683397  3 -1.40004e-11 1.40004e-11 0.316603  
98 2 2 -0.683397 3.02178e-11 -3.02202e-11  3 -0.316603 1.39993e-11 -1.40004e-11  
99 2 2 8.88216e-16 0.250011 -1.10556e-11  3 2.6645e-15 0.749989 -3.31648e-11  
100 2 2 -1.10556e-11 1.10556e-11 0.250011  3 -3.31648e-11 3.31648e-11 0.749989  
101 2 2 -0.250011 8.88215e-16 -1.10556e-11  3 -0.749989 2.6645e-15 -3.31648e-11  
102 2 0 -4.71774e-12 0.750029 -4.72174e-12  3 -1.57234e-12 0.249971 -1.57367e-12  
103 2 0 -4.72174e-12 4.72174e-12 0.750029  3 -1.57367e-12 1.57367e-12 0.249971  
104 2 0 -0.750029 -4.71774e-12 -4.72174e-12  3 -0.249971 -1.57234e-12 -1.57367e-12  
105 2 0 -3.14801e-12 0.500018 -1.77642e-15  3 -3.14779e-12 0.499982 -1.77629e-15  
106 2 0 -1.77642e-15 1.77642e-15 0.500018  3 -1.77629e-15 1.77629e-15 0.499982  
107 2 0 -0.500018 -3.14801e-12 -1.77642e-15  3 -0.499982 -3.14779e-12 -1.77629e-15  
108 2 0 -1.57345e-12 0.250007 1.57301e-12  3 -4.72018e-12 0.749993 4.71885e-12  
109 2 0 1.57301e-12 -1.57301e-12 0.250007  3 4.71885e-12 -4.71885e-12 0.749993  
110 2 0 -0.250007 -1.57345e-12 1.57301e-12  3 -0.749993 -4.72018e-12 4.71885e-12  
111 3 0 -3.14692e-12 0.500017 -2.21106e-11  2 -1.57348e-12 0.250011 -1.10554e-11  3 -1.57323e-12 0.249972 -1.10537e-11  
112 3 0 -2.21106e-11 2.21106e-11 0.500017  2 -1.10554e-11 1.10554e-11 0.250011  3 -1.10537e-11 1.10537e-11 0.249972  
113 3 0 -0.500017 -3.14692e-12 -2.21106e-11  2 -0.250011 -1.57348e-12 -1.10554e-11  3 -0.249972 -1.57323e-12 -1.10537e-11  
114 1 1 3.55271e-15 1 -3.55271e-15  
115 1 1 -3.55271e-15 3.55271e-15 1  
116 1 1 1 -3.55271e-15 3.55271e-15  
117 1 2 -0 1 -0  
118 1 2 -0 0 1  
119 1 2 1 0 0  
120 1 0 -3.55271e-15 1 -1.77636e-15  
121 1 0 -1.77636e-15 1.77636e-15 1  
122 1 0 1 3.55271e-15 1.77636e-15  
123 1 3 -7.10543e-15 1 -5.32907e-15  
124 1 3 -5.32907e-15 5.32907e-15 1  
125 1 3 1 7.10543e-15 5.32907e-15  

/Floor/mstate.constraint = 72 1 0 6.29352e-12 -1 0 29.9995 1.88803e-10 -8.71396e-06  
73 1 0 3.96084e-23 2.49276e-34 -1 1.32967 8.71397e-06 5.26661e-23  
74 1 0 1 6.29352e-12 3.96084e-23 -1.88803e-10 29.9995 1.32967  
75 1 0 6.29896e-12 -1 -6.29541e-12 29.9996 1.42779e-10 7.33655  
76 1 0 -6.29541e-12 6.29541e-12 -1 1.32967 -7.33655 -5.45574e-11  
77 1 0 1 6.29896e-12 -6.29541e-12 -1.80595e-10 29.9996 1.32967  
78 1 0 -1.8975e-11 -1 1.89786e-11 4.99941 -1.89746e-10 -4.99944  
79 1 0 1.89786e-11 -1.89786e-11 -1 1.32967 4.99944 -6.9647e-11  
80 1 0 1 -1.8975e-11 1.89786e-11 6.96288e-11 4.99941 1.32967  
81 1 0 -4.421e-11 -1 4.42171e-11 19.9993 -1.76848e-09 -19.9993  
82 1 0 4.42171e-11 -4.42171e-11 -1 1.32967 19.9993 -8.25517e-10  
83 1 0 1 -4.421e-11 4.42171e-11 8.25374e-10 19.9993 1.32967  
84 1 0 -3.79269e-11 -1 1.77636e-15 9.99885 -3.79226e-10 -5.90305e-06  
85 1 0 1.77636e-15 -1.77636e-15 -1 1.32967 5.903e-06 2.36196e-15  
86 1 0 1 -3.79269e-11 1.77636e-15 3.79223e-10 9.99885 1.32967  
87 1 0 -1.89644e-11 -1 1.89608e-11 23.6675 -1.89671e-10 13.6686  
88 1 0 1.89608e-11 -1.89608e-11 -1 1.32967 -13.6686 2.8438e-10  
89 1 0 1 -1.89644e-11 1.89608e-11 4.23628e-10 23.6675 1.32967  
90 1 0 8.88178e-15 -1 3.79191e-11 -1.9597e-05 -3.79147e-10 -9.99886  
91 1 0 3.79191e-11 -3.79191e-11 -1 1.32967 9.99886 -3.28728e-10  
92 1 0 1 8.88179e-15 3.79191e-11 -5.04198e-11 -1.95973e-05 1.32967  
93 1 0 3.55271e-15 -1 4.42195e-11 -2.12033e-05 -8.84358e-10 -19.9993  
94 1 0 4.42195e-11 -4.42195e-11 -1 1.32967 19.9993 -8.25561e-10  
95 1 0 1 3.55272e-15 4.42195e-11 -5.87973e-11 -2.12041e-05 1.32967  
96 1 0 -4.42171e-11 -1 4.42206e-11 17.3354 1.17921e-10 20.0007  
97 1 0 4.42206e-11 -4.42206e-11 -1 1.32967 -20.0007 9.43242e-10  
98 1 0 1 -4.42171e-11 4.42206e-11 7.07723e-10 17.3354 1.32967  
99 1 0 -3.55271e-15 -1 4.42204e-11 -1.63847e-05 8.84438e-10 20.0007  
100 1 0 4.42204e-11 -4.42204e-11 -1 1.32967 -20.0007 9.43237e-10  
101 1 0 1 -3.55271e-15 4.42204e-11 -5.87985e-11 -1.63838e-05 1.32967  
102 1 0 6.29008e-12 -1 6.29541e-12 -10.0005 -1.25861e-10 -10.0004  
103 1 0 6.29541e-12 -6.29541e-12 -1 1.32967 10.0004 -5.45861e-11  
104 1 0 1 6.29008e-12 6.29541e-12 5.45329e-11 -10.0005 1.32967  
105 1 0 6.2958e-12 -1 3.55271e-15 -10.0005 -6.29608e-11 -3.09222e-06  
106 1 0 3.55271e-15 -3.55271e-15 -1 1.32967 3.09223e-06 4.72393e-15  
107 1 0 1 6.2958e-12 3.55271e-15 6.29561e-11 -10.0005 1.32967  
108 1 0 6.29363e-12 -1 -6.29186e-12 -10.0004 -1.2586e-10 10.0004  
109 1 0 -6.29186e-12 6.29186e-12 -1 1.32967 -10.0004 -7.12873e-11  
110 1 0 1 6.29363e-12 -6.29186e-12 7.13052e-11 -10.0004 1.32967  
111 1 0 6.29363e-12 -1 4.42197e-11 -1.7991e-05 -3.12116e-16 -4.49772e-06  
112 1 0 4.42197e-11 -4.42197e-11 -1 1.32967 4.49773e-06 5.87974e-11  
113 1 0 1 6.29363e-12 4.42197e-11 -5.87975e-11 -1.79909e-05 1.32967  
114 1 0 -3.55271e-15 -1 3.55271e-15 29.9995 -1.77632e-13 -19.9993  
115 1 0 3.55271e-15 -3.55271e-15 -1 1.32967 19.9993 -6.63279e-14  
116 1 0 -1 3.55271e-15 -3.55271e-15 -1.01856e-13 -29.9995 -1.32967  
117 1 0 0 -1 0 29.9996 0 20.0007  
118 1 0 0 0 -1 1.32967 -20.0007 0  
119 1 0 -1 0 0 0 -29.9996 -1.32967  
120 1 0 3.55271e-15 -1 1.77636e-15 -10.0005 -7.10547e-14 -19.9993  
121 1 0 1.77636e-15 -1.77636e-15 -1 1.32967 19.9993 -3.31639e-14  
122 1 0 -1 -3.55271e-15 -1.77636e-15 -3.31668e-14 10.0005 -1.32967  
123 1 0 7.10543e-15 -1 5.32907e-15 -10.0004 3.55278e-14 20.0007  
124 1 0 5.32907e-15 -5.32907e-15 -1 1.32967 -20.0007 1.13671e-13  
125 1 0 -1 -7.10543e-15 -5.32907e-15 -6.39715e-14 10.0004 -1.32967  

/Floor/mstate.9(V_DERIV) = -3.69882e-07 -1.1772 -1.16563e-06 11.7699 -8.44942e-05 0.000360424
/Cube/mstate.velocity = 0.000962854 2.05338e-05 -0.00534913 -6.24618e-07 0.000148066 -4.02855e-07
/Cube/mstate.free_velocity = 0.000956689 -9.80998 -0.00536856 -6.21694e-07 0.000148379 -3.99949e-07
/Cube/mstate.constraint = 0 1 0 -5.42022e-10 0.999996 -0.00293532 -19.9446 -0.0586964 -19.9965  
1 1 0 -0.00293533 0.00293531 0.999991 -20.0585 19.9377 -0.117403  
2 1 0 0.999996 8.61668e-06 0.00293532 -0.0588787 20.062 19.9997  
3 1 0 0.00070989 0.999999 0.000709889 -20.0176 0.0283956 -19.9824  
4 1 0 0.000708881 -0.000710392 0.999999 -19.9858 20.0108 0.028383  
5 1 0 0.999999 -0.000709386 -0.000709385 0.0283778 19.9892 20.0142  
6 1 0 0.00437452 0.99999 -8.42623e-10 -19.9964 0.0874755 20.0907  
7 1 0 -1.91373e-05 8.45599e-08 1 -20 -20.0038 -0.000381054  
8 1 0 0.99999 -0.00437452 1.91375e-05 0.0870928 19.996 19.9123  
9 1 0 0.00435507 0.999991 -3.0166e-09 -20.0032 0.0871162 -19.9093  
10 1 0 -1.89696e-05 8.56313e-08 1 -20 19.9962 -0.000381104  
11 1 0 0.999991 -0.00435507 1.89698e-05 0.0867369 20.0036 20.0869  
12 1 0 -6.6543e-09 0.999953 -0.00974054 20.1973 0.194778 19.9956  
13 1 0 -0.009741 0.00974008 0.999905 -19.8033 -19.7998 -5.193e-05  
14 1 0 0.999953 9.48893e-05 0.00974054 -0.192913 -20.1972 20.001  
15 1 0 -6.30592e-12 1 -4.42089e-11 -20.0034 -1.01017e-09 -19.9966  
16 1 0 -4.42089e-11 4.42089e-11 1 -20 19.9966 -1.76821e-09  
17 1 0 1 6.30592e-12 4.42089e-11 -1.01032e-09 20.0034 20  
18 1 0 0.00437431 0.999943 -0.00976088 -19.8002 0.282722 20.0898  
19 1 0 -0.00973728 0.0098031 0.999905 -20.1941 -20.1962 0.00135002  
20 1 0 -0.999943 0.00427885 -0.0097796 0.11003 -19.7998 -19.9133  
21 1 0 0.00435505 0.999986 -0.00293529 -19.9444 0.02842 -19.9092  
22 1 0 -0.00294142 0.00294812 0.999991 -20.0588 19.9376 -0.117781  
23 1 0 -0.999986 0.00434637 -0.00295422 -0.027858 -20.0622 -20.0866  
24 1 0 -0.00245143 0.99995 -0.00974051 20.1972 0.243814 19.9465  
25 1 0 -0.00977106 0.00971612 0.999905 -19.8038 -19.7992 -0.00113214  
26 1 0 -0.999949 -0.00254637 -0.00974675 0.143999 20.1973 -20.0499  
27 1 0 -0.00245093 0.999993 -0.00293477 20.0551 -0.00969524 -20.0523  
28 1 0 -0.002948 0.00292754 0.999991 -19.9413 20.0622 -0.117521  
29 1 0 -0.999993 -0.00245956 -0.0029408 0.00963319 19.9376 -19.9507  
30 1 0 2.29138e-07 1 -4.42626e-11 -19.9966 4.58287e-06 19.999  
31 1 0 -4.43151e-11 4.42626e-11 1 -20 -19.999 -1.09216e-12  
32 1 0 -1 2.29138e-07 -4.43151e-11 -4.58109e-06 -19.9966 -20  
33 1 0 -0.00215899 0.999998 -3.38423e-07 18.2891 0.0394927 19.9536  
34 1 0 -5.00039e-06 3.27628e-07 1 -20 -19.9968 -9.34563e-05  
35 1 0 -0.999998 -0.00215899 -4.99967e-06 -0.039386 18.2891 -20.0431  
36 1 0 -3.68386e-07 1 -3.68424e-07 19.9912 1.47317e-05 19.9966  
37 1 0 -3.68424e-07 3.68423e-07 1 -20 -19.9966 -1.27238e-09  
38 1 0 -1 -3.68386e-07 -3.68424e-07 3.98749e-09 19.9912 -20  
39 1 0 -0.00175601 0.999997 -0.00175601 -5.47343 -0.0193428 -5.54178  
40 1 0 -0.00176218 0.00175291 0.999997 -20.0096 5.49696 -0.0448963  
41 1 0 -0.999997 -0.0017591 -0.00175909 0.044872 -5.51823 -19.9902  
42 1 0 -6.5441e-12 1 -3.68486e-07 19.9937 7.3686e-06 19.9966  
43 1 0 -3.68486e-07 3.68486e-07 1 -20 -19.9966 -1.26461e-09  
44 1 0 -1 -6.67988e-12 -3.68486e-07 7.3696e-06 19.9937 -20  
45 1 0 -6.70752e-12 1 -5.97529e-07 19.9937 1.19429e-05 19.9868  
46 1 0 -5.97529e-07 5.97529e-07 1 -20 -19.9868 -7.86985e-09  
47 1 0 -1 -7.06456e-12 -5.97529e-07 1.19505e-05 19.9937 -20  
48 1 0 -3.68386e-07 1 -3.68424e-07 -20.002 -1.47357e-05 -19.9966  
49 1 0 -3.68424e-07 3.68423e-07 1 -20 19.9966 -1.47357e-05  
50 1 0 -1 -3.68386e-07 -3.68424e-07 1.47369e-05 -20.002 -20  
51 1 0 -0.00216533 0.999998 -1.03985e-07 18.318 0.0396626 -20.0464  
52 1 0 -4.79288e-06 9.3607e-08 1 -20 20.0032 -9.77301e-05  
53 1 0 -0.999998 -0.00216533 -4.79267e-06 -0.0395689 18.3179 -19.9566  
54 1 0 -1.43828e-06 0.999952 -0.00976023 -19.8004 0.195166 19.9981  
55 1 0 -0.00976071 0.00975975 0.999905 -20.1933 -20.1923 -2.85439e-05  
56 1 0 -0.999952 -9.67049e-05 -0.00976023 0.197138 -19.8004 -20.001  
57 1 0 -0.00244988 0.999997 5.00454e-08 19.9936 0.0489811 19.9475  
58 1 0 -5.95176e-06 -6.46267e-08 1 -20 -19.9965 -0.000120328  
59 1 0 -0.999997 -0.00244988 -5.9519e-06 -0.0488631 19.9937 -20.0489  
60 1 0 -0.00609617 0.999963 -0.00609469 20.1209 0.243773 19.8703  
61 1 0 -0.00616923 0.00605707 0.999963 -19.8781 -19.8688 -0.00228598  
62 1 0 -0.999962 -0.00613354 -0.00613208 -2.78129e-05 20.1216 -20.1219  
63 1 0 -0.00245044 0.999997 5.01405e-08 19.9936 0.0489942 -20.0524  
64 1 0 -5.95439e-06 -6.47315e-08 1 -20 20.0035 -0.000117793  
65 1 0 -0.999997 -0.00245044 -5.95453e-06 -0.0488741 19.9935 -19.9509  
66 1 0 -2.72303e-07 0.999996 -0.0029352 20.0552 -0.0587014 -20.0009  
67 1 0 -0.00293521 0.00293518 0.999991 -19.9411 20.0595 -0.117411  
68 1 0 -0.999996 -8.88773e-06 -0.0029352 0.0585262 19.9378 -19.9997  
69 1 0 2.29075e-07 1 -3.68526e-07 19.9936 -1.19509e-05 -20.001  
70 1 0 -3.68526e-07 3.68526e-07 1 -20 20.001 -1.47414e-05  
71 1 0 -1 2.29075e-07 -3.68526e-07 1.19506e-05 19.9936 -20  

/Cube/mstate.9(V_DERIV) = 8.52063e-05 0.922656 0.000102457 0.011042 -0.00109076 0.796729
/Cube/mstate.10(V_DERIV) = 6.16481e-08 0.0981 1.94276e-07 -2.92469e-11 -3.12764e-09 -2.90527e-11
/Cube/collision/loader.defaultMaterial = Default Diffuse 1 0.74902 0.74902 0.74902 1 Ambient 1 0.2 0.2 0.2 1 Specular 0 1 1 1 1 Emissive 0 0 0 0 0 Shininess 0 45 
/Cube/collision/loader.faceList = [ [ 4, 0, 7 ], [ 0, 3, 7 ], [ 2, 6, 7 ], [ 2, 7, 3 ], [ 1, 5, 2 ], [ 5, 6, 2 ], [ 0, 4, 1 ], [ 4, 5, 1 ], [ 4, 7, 6 ], [ 4, 6, 5 ], [ 0, 1, 2 ], [ 0, 2, 3 ] ]
/Cube/collision/loader.normalsIndex = [ [ 0, 0, 0 ], [ 0, 0, 0 ], [ 1, 1, 1 ], [ 1, 1, 1 ], [ 2, 2, 2 ], [ 3, 3, 3 ], [ 4, 4, 4 ], [ 5, 5, 5 ], [ 6, 6, 6 ], [ 6, 6, 6 ], [ 7, 7, 7 ], [ 7, 7, 7 ] ]
/Cube/collision/loader.texcoordsIndex = [ [ -1, -1, -1 ], [ -1, -1, -1 ], [ -1, -1, -1 ], [ -1, -1, -1 ], [ -1, -1, -1 ], [ -1, -1, -1 ], [ -1, -1, -1 ], [ -1, -1, -1 ], [ -1, -1, -1 ], [ -1, -1, -1 ], [ -1, -1, -1 ], [ -1, -1, -1 ] ]
/Cube/collision/MechanicalObject.constraint = 0 1 2 -5.42022e-10 0.999996 -0.00293532  
1 1 2 -0.00293533 0.00293531 0.999991  
2 1 2 0.999996 8.61668e-06 0.00293532  
3 1 2 0.00070989 0.999999 0.000709889  
4 1 2 0.000708881 -0.000710392 0.999999  
5 1 2 0.999999 -0.000709386 -0.000709385  
6 1 1 0.00437452 0.99999 -8.42623e-10  
7 1 1 -1.91373e-05 8.45599e-08 1  
8 1 1 0.99999 -0.00437452 1.91375e-05  
9 1 2 0.00435507 0.999991 -3.0166e-09  
10 1 2 -1.89696e-05 8.56313e-08 1  
11 1 2 0.999991 -0.00435507 1.89698e-05  
12 1 0 -6.6543e-09 0.999953 -0.00974054  
13 1 0 -0.009741 0.00974008 0.999905  
14 1 0 0.999953 9.48893e-05 0.00974054  
15 1 2 -6.30592e-12 1 -4.42089e-11  
16 1 2 -4.42089e-11 4.42089e-11 1  
17 1 2 1 6.30592e-12 4.42089e-11  
18 1 1 0.00437431 0.999943 -0.00976088  
19 1 1 -0.00973728 0.0098031 0.999905  
20 1 1 -0.999943 0.00427885 -0.0097796  
21 1 2 0.00435505 0.999986 -0.00293529  
22 1 2 -0.00294142 0.00294812 0.999991  
23 1 2 -0.999986 0.00434637 -0.00295422  
24 1 0 -0.00245143 0.99995 -0.00974051  
25 1 0 -0.00977106 0.00971612 0.999905  
26 1 0 -0.999949 -0.00254637 -0.00974675  
27 1 3 -0.00245093 0.999993 -0.00293477  
28 1 3 -0.002948 0.00292754 0.999991  
29 1 3 -0.999993 -0.00245956 -0.0029408  
30 2 1 2.29113e-07 0.999891 -4.42578e-11  2 2.50585e-11 0.00010936 -4.84056e-15  
31 2 1 -4.43103e-11 4.42578e-11 0.999891  2 -4.8463e-15 4.84056e-15 0.00010936  
32 2 1 -0.999891 2.29113e-07 -4.43103e-11  2 -0.00010936 2.50585e-11 -4.8463e-15  
33 2 0 -0.00206646 0.95714 -3.23919e-07  1 -9.25299e-05 0.0428579 -1.45041e-08  
34 2 0 -4.78608e-06 3.13587e-07 0.957142  1 -2.14307e-07 1.40415e-08 0.042858  
35 2 0 -0.95714 -0.00206646 -4.7854e-06  1 -0.0428579 -9.25299e-05 -2.14276e-07  
36 2 0 -3.68274e-07 0.999695 -3.68311e-07  1 -1.12263e-10 0.000304743 -1.12275e-10  
37 2 0 -3.68312e-07 3.68311e-07 0.999695  1 -1.12275e-10 1.12275e-10 0.000304743  
38 2 0 -0.999695 -3.68274e-07 -3.68311e-07  1 -0.000304743 -1.12263e-10 -1.12275e-10  
39 2 0 -0.000636218 0.362308 -0.000636218  2 -0.00111979 0.637688 -0.00111979  
40 2 0 -0.000638454 0.000635096 0.362308  2 -0.00112372 0.00111781 0.637688  
41 2 0 -0.362308 -0.000637338 -0.000637337  2 -0.637688 -0.00112176 -0.00112176  
42 2 0 -6.54251e-12 0.999756 -3.68397e-07  1 -1.59359e-15 0.000243516 -8.97323e-11  
43 2 0 -3.68397e-07 3.68397e-07 0.999756  1 -8.97323e-11 8.97323e-11 0.000243516  
44 2 0 -0.999756 -6.67825e-12 -3.68397e-07  1 -0.000243516 -1.62666e-15 -8.97323e-11  
45 2 0 -6.70589e-12 0.999757 -5.97384e-07  2 -1.63307e-15 0.000243469 -1.4548e-10  
46 2 0 -5.97384e-07 5.97384e-07 0.999757  2 -1.4548e-10 1.4548e-10 0.000243469  
47 2 0 -0.999757 -7.06284e-12 -5.97384e-07  2 -0.000243469 -1.72e-15 -1.4548e-10  
48 2 2 -3.68373e-07 0.999964 -3.6841e-07  3 -1.30805e-11 3.55077e-05 -1.30819e-11  
49 2 2 -3.68411e-07 3.6841e-07 0.999964  3 -1.30819e-11 1.30819e-11 3.55077e-05  
50 2 2 -0.999964 -3.68373e-07 -3.68411e-07  3 -3.55077e-05 -1.30805e-11 -1.30819e-11  
51 2 2 -9.08641e-05 0.041963 -4.36353e-09  3 -0.00207447 0.958035 -9.96215e-08  
52 2 2 -2.01124e-07 3.92804e-09 0.0419631  3 -4.59176e-06 8.9679e-08 0.958037  
53 2 2 -0.041963 -9.08641e-05 -2.01115e-07  3 -0.958035 -0.00207447 -4.59155e-06  
54 2 1 -1.43812e-06 0.999843 -0.00975916  2 -1.5735e-10 0.000109396 -1.06778e-06  
55 2 1 -0.00975964 0.00975868 0.999795  2 -1.06784e-06 1.06773e-06 0.000109391  
56 2 1 -0.999843 -9.66943e-05 -0.00975916  2 -0.000109396 -1.05797e-08 -1.06778e-06  
57 2 0 -0.00244929 0.999753 5.00332e-08  1 -5.96611e-07 0.000243526 1.21874e-11  
58 2 0 -5.95031e-06 -6.46109e-08 0.999756  1 -1.44941e-09 -1.57383e-11 0.000243526  
59 2 0 -0.999753 -0.00244929 -5.95045e-06  1 -0.000243526 -5.96611e-07 -1.44944e-09  
60 2 0 -0.00609562 0.999872 -0.00609413  2 -5.55584e-07 9.11333e-05 -5.55449e-07  
61 2 0 -0.00616867 0.00605652 0.999871  2 -5.62243e-07 5.52021e-07 9.11332e-05  
62 2 0 -0.999871 -0.00613298 -0.00613152  2 -9.11332e-05 -5.5899e-07 -5.58857e-07  
63 2 2 -1.79793e-07 7.33715e-05 3.67889e-12  3 -0.00245026 0.999924 5.01368e-08  
64 2 2 -4.36884e-10 -4.74946e-12 7.33717e-05  3 -5.95395e-06 -6.47268e-08 0.999927  
65 2 2 -7.33715e-05 -1.79793e-07 -4.36894e-10  3 -0.999924 -0.00245026 -5.95409e-06  
66 2 0 -1.66833e-11 6.12672e-05 -1.79832e-07  3 -2.72287e-07 0.999934 -0.00293502  
67 2 0 -1.79833e-07 1.79831e-07 6.12669e-05  3 -0.00293503 0.002935 0.99993  
68 2 0 -6.12672e-05 -5.44529e-10 -1.79832e-07  3 -0.999934 -8.88718e-06 -0.00293502  
69 3 0 1.40349e-11 6.12675e-05 -2.25786e-11  2 1.68076e-11 7.33717e-05 -2.70394e-11  3 2.29044e-07 0.999865 -3.68476e-07  
70 3 0 -2.25786e-11 2.25786e-11 6.12675e-05  2 -2.70394e-11 2.70394e-11 7.33717e-05  3 -3.68476e-07 3.68476e-07 0.999865  
71 3 0 -6.12675e-05 1.40348e-11 -2.25786e-11  2 -7.33717e-05 1.68076e-11 -2.70394e-11  3 -0.999865 2.29044e-07 -3.68476e-07  

/Cube/mstate.velocity = 0.000962854 2.05338e-05 -0.00534913 -6.24618e-07 0.000148066 -4.02855e-07
/Cube/mstate.free_velocity = 0.000956689 -9.80998 -0.00536856 -6.21694e-07 0.000148379 -3.99949e-07
/Cube/mstate.constraint = 0 1 0 -5.42022e-10 0.999996 -0.00293532 -19.9446 -0.0586964 -19.9965  
1 1 0 -0.00293533 0.00293531 0.999991 -20.0585 19.9377 -0.117403  
2 1 0 0.999996 8.61668e-06 0.00293532 -0.0588787 20.062 19.9997  
3 1 0 0.00070989 0.999999 0.000709889 -20.0176 0.0283956 -19.9824  
4 1 0 0.000708881 -0.000710392 0.999999 -19.9858 20.0108 0.028383  
5 1 0 0.999999 -0.000709386 -0.000709385 0.0283778 19.9892 20.0142  
6 1 0 0.00437452 0.99999 -8.42623e-10 -19.9964 0.0874755 20.0907  
7 1 0 -1.91373e-05 8.45599e-08 1 -20 -20.0038 -0.000381054  
8 1 0 0.99999 -0.00437452 1.91375e-05 0.0870928 19.996 19.9123  
9 1 0 0.00435507 0.999991 -3.0166e-09 -20.0032 0.0871162 -19.9093  
10 1 0 -1.89696e-05 8.56313e-08 1 -20 19.9962 -0.000381104  
11 1 0 0.999991 -0.00435507 1.89698e-05 0.0867369 20.0036 20.0869  
12 1 0 -6.6543e-09 0.999953 -0.00974054 20.1973 0.194778 19.9956  
13 1 0 -0.009741 0.00974008 0.999905 -19.8033 -19.7998 -5.193e-05  
14 1 0 0.999953 9.48893e-05 0.00974054 -0.192913 -20.1972 20.001  
15 1 0 -6.30592e-12 1 -4.42089e-11 -20.0034 -1.01017e-09 -19.9966  
16 1 0 -4.42089e-11 4.42089e-11 1 -20 19.9966 -1.76821e-09  
17 1 0 1 6.30592e-12 4.42089e-11 -1.01032e-09 20.0034 20  
18 1 0 0.00437431 0.999943 -0.00976088 -19.8002 0.282722 20.0898  
19 1 0 -0.00973728 0.0098031 0.999905 -20.1941 -20.1962 0.00135002  
20 1 0 -0.999943 0.00427885 -0.0097796 0.11003 -19.7998 -19.9133  
21 1 0 0.00435505 0.999986 -0.00293529 -19.9444 0.02842 -19.9092  
22 1 0 -0.00294142 0.00294812 0.999991 -20.0588 19.9376 -0.117781  
23 1 0 -0.999986 0.00434637 -0.00295422 -0.027858 -20.0622 -20.0866  
24 1 0 -0.00245143 0.99995 -0.00974051 20.1972 0.243814 19.9465  
25 1 0 -0.00977106 0.00971612 0.999905 -19.8038 -19.7992 -0.00113214  
26 1 0 -0.999949 -0.00254637 -0.00974675 0.143999 20.1973 -20.0499  
27 1 0 -0.00245093 0.999993 -0.00293477 20.0551 -0.00969524 -20.0523  
28 1 0 -0.002948 0.00292754 0.999991 -19.9413 20.0622 -0.117521  
29 1 0 -0.999993 -0.00245956 -0.0029408 0.00963319 19.9376 -19.9507  
30 1 0 2.29138e-07 1 -4.42626e-11 -19.9966 4.58287e-06 19.999  
31 1 0 -4.43151e-11 4.42626e-11 1 -20 -19.999 -1.09216e-12  
32 1 0 -1 2.29138e-07 -4.43151e-11 -4.58109e-06 -19.9966 -20  
33 1 0 -0.00215899 0.999998 -3.38423e-07 18.2891 0.0394927 19.9536  
34 1 0 -5.00039e-06 3.27628e-07 1 -20 -19.9968 -9.34563e-05  
35 1 0 -0.999998 -0.00215899 -4.99967e-06 -0.039386 18.2891 -20.0431  
36 1 0 -3.68386e-07 1 -3.68424e-07 19.9912 1.47317e-05 19.9966  
37 1 0 -3.68424e-07 3.68423e-07 1 -20 -19.9966 -1.27238e-09  
38 1 0 -1 -3.68386e-07 -3.68424e-07 3.98749e-09 19.9912 -20  
39 1 0 -0.00175601 0.999997 -0.00175601 -5.47343 -0.0193428 -5.54178  
40 1 0 -0.00176218 0.00175291 0.999997 -20.0096 5.49696 -0.0448963  
41 1 0 -0.999997 -0.0017591 -0.00175909 0.044872 -5.51823 -19.9902  
42 1 0 -6.5441e-12 1 -3.68486e-07 19.9937 7.3686e-06 19.9966  
43 1 0 -3.68486e-07 3.68486e-07 1 -20 -19.9966 -1.26461e-09  
44 1 0 -1 -6.67988e-12 -3.68486e-07 7.3696e-06 19.9937 -20  
45 1 0 -6.70752e-12 1 -5.97529e-07 19.9937 1.19429e-05 19.9868  
46 1 0 -5.97529e-07 5.97529e-07 1 -20 -19.9868 -7.86985e-09  
47 1 0 -1 -7.06456e-12 -5.97529e-07 1.19505e-05 19.9937 -20  
48 1 0 -3.68386e-07 1 -3.68424e-07 -20.002 -1.47357e-05 -19.9966  
49 1 0 -3.68424e-07 3.68423e-07 1 -20 19.9966 -1.47357e-05  
50 1 0 -1 -3.68386e-07 -3.68424e-07 1.47369e-05 -20.002 -20  
51 1 0 -0.00216533 0.999998 -1.03985e-07 18.318 0.0396626 -20.0464  
52 1 0 -4.79288e-06 9.3607e-08 1 -20 20.0032 -9.77301e-05  
53 1 0 -0.999998 -0.00216533 -4.79267e-06 -0.0395689 18.3179 -19.9566  
54 1 0 -1.43828e-06 0.999952 -0.00976023 -19.8004 0.195166 19.9981  
55 1 0 -0.00976071 0.00975975 0.999905 -20.1933 -20.1923 -2.85439e-05  
56 1 0 -0.999952 -9.67049e-05 -0.00976023 0.197138 -19.8004 -20.001  
57 1 0 -0.00244988 0.999997 5.00454e-08 19.9936 0.0489811 19.9475  
58 1 0 -5.95176e-06 -6.46267e-08 1 -20 -19.9965 -0.000120328  
59 1 0 -0.999997 -0.00244988 -5.9519e-06 -0.0488631 19.9937 -20.0489  
60 1 0 -0.00609617 0.999963 -0.00609469 20.1209 0.243773 19.8703  
61 1 0 -0.00616923 0.00605707 0.999963 -19.8781 -19.8688 -0.00228598  
62 1 0 -0.999962 -0.00613354 -0.00613208 -2.78129e-05 20.1216 -20.1219  
63 1 0 -0.00245044 0.999997 5.01405e-08 19.9936 0.0489942 -20.0524  
64 1 0 -5.95439e-06 -6.47315e-08 1 -20 20.0035 -0.000117793  
65 1 0 -0.999997 -0.00245044 -5.95453e-06 -0.0488741 19.9935 -19.9509  
66 1 0 -2.72303e-07 0.999996 -0.0029352 20.0552 -0.0587014 -20.0009  
67 1 0 -0.00293521 0.00293518 0.999991 -19.9411 20.0595 -0.117411  
68 1 0 -0.999996 -8.88773e-06 -0.0029352 0.0585262 19.9378 -19.9997  
69 1 0 2.29075e-07 1 -3.68526e-07 19.9936 -1.19509e-05 -20.001  
70 1 0 -3.68526e-07 3.68526e-07 1 -20 20.001 -1.47414e-05  
71 1 0 -1 2.29075e-07 -3.68526e-07 1.19506e-05 19.9936 -20  

/Cube/mstate.10(V_DERIV) = 6.16481e-08 0.0981 1.94276e-07 -2.92469e-11 -3.12764e-09 -2.90527e-11
/Cube/mstate.9(V_DERIV) = 8.52063e-05 0.922656 0.000102457 0.011042 -0.00109076 0.796729
/Cube/collision/MechanicalObject.constraint = 0 1 2 -5.42022e-10 0.999996 -0.00293532  
1 1 2 -0.00293533 0.00293531 0.999991  
2 1 2 0.999996 8.61668e-06 0.00293532  
3 1 2 0.00070989 0.999999 0.000709889  
4 1 2 0.000708881 -0.000710392 0.999999  
5 1 2 0.999999 -0.000709386 -0.000709385  
6 1 1 0.00437452 0.99999 -8.42623e-10  
7 1 1 -1.91373e-05 8.45599e-08 1  
8 1 1 0.99999 -0.00437452 1.91375e-05  
9 1 2 0.00435507 0.999991 -3.0166e-09  
10 1 2 -1.89696e-05 8.56313e-08 1  
11 1 2 0.999991 -0.00435507 1.89698e-05  
12 1 0 -6.6543e-09 0.999953 -0.00974054  
13 1 0 -0.009741 0.00974008 0.999905  
14 1 0 0.999953 9.48893e-05 0.00974054  
15 1 2 -6.30592e-12 1 -4.42089e-11  
16 1 2 -4.42089e-11 4.42089e-11 1  
17 1 2 1 6.30592e-12 4.42089e-11  
18 1 1 0.00437431 0.999943 -0.00976088  
19 1 1 -0.00973728 0.0098031 0.999905  
20 1 1 -0.999943 0.00427885 -0.0097796  
21 1 2 0.00435505 0.999986 -0.00293529  
22 1 2 -0.00294142 0.00294812 0.999991  
23 1 2 -0.999986 0.00434637 -0.00295422  
24 1 0 -0.00245143 0.99995 -0.00974051  
25 1 0 -0.00977106 0.00971612 0.999905  
26 1 0 -0.999949 -0.00254637 -0.00974675  
27 1 3 -0.00245093 0.999993 -0.00293477  
28 1 3 -0.002948 0.00292754 0.999991  
29 1 3 -0.999993 -0.00245956 -0.0029408  
30 2 1 2.29113e-07 0.999891 -4.42578e-11  2 2.50585e-11 0.00010936 -4.84056e-15  
31 2 1 -4.43103e-11 4.42578e-11 0.999891  2 -4.8463e-15 4.84056e-15 0.00010936  
32 2 1 -0.999891 2.29113e-07 -4.43103e-11  2 -0.00010936 2.50585e-11 -4.8463e-15  
33 2 0 -0.00206646 0.95714 -3.23919e-07  1 -9.25299e-05 0.0428579 -1.45041e-08  
34 2 0 -4.78608e-06 3.13587e-07 0.957142  1 -2.14307e-07 1.40415e-08 0.042858  
35 2 0 -0.95714 -0.00206646 -4.7854e-06  1 -0.0428579 -9.25299e-05 -2.14276e-07  
36 2 0 -3.68274e-07 0.999695 -3.68311e-07  1 -1.12263e-10 0.000304743 -1.12275e-10  
37 2 0 -3.68312e-07 3.68311e-07 0.999695  1 -1.12275e-10 1.12275e-10 0.000304743  
38 2 0 -0.999695 -3.68274e-07 -3.68311e-07  1 -0.000304743 -1.12263e-10 -1.12275e-10  
39 2 0 -0.000636218 0.362308 -0.000636218  2 -0.00111979 0.637688 -0.00111979  
40 2 0 -0.000638454 0.000635096 0.362308  2 -0.00112372 0.00111781 0.637688  
41 2 0 -0.362308 -0.000637338 -0.000637337  2 -0.637688 -0.00112176 -0.00112176  
42 2 0 -6.54251e-12 0.999756 -3.68397e-07  1 -1.59359e-15 0.000243516 -8.97323e-11  
43 2 0 -3.68397e-07 3.68397e-07 0.999756  1 -8.97323e-11 8.97323e-11 0.000243516  
44 2 0 -0.999756 -6.67825e-12 -3.68397e-07  1 -0.000243516 -1.62666e-15 -8.97323e-11  
45 2 0 -6.70589e-12 0.999757 -5.97384e-07  2 -1.63307e-15 0.000243469 -1.4548e-10  
46 2 0 -5.97384e-07 5.97384e-07 0.999757  2 -1.4548e-10 1.4548e-10 0.000243469  
47 2 0 -0.999757 -7.06284e-12 -5.97384e-07  2 -0.000243469 -1.72e-15 -1.4548e-10  
48 2 2 -3.68373e-07 0.999964 -3.6841e-07  3 -1.30805e-11 3.55077e-05 -1.30819e-11  
49 2 2 -3.68411e-07 3.6841e-07 0.999964  3 -1.30819e-11 1.30819e-11 3.55077e-05  
50 2 2 -0.999964 -3.68373e-07 -3.68411e-07  3 -3.55077e-05 -1.30805e-11 -1.30819e-11  
51 2 2 -9.08641e-05 0.041963 -4.36353e-09  3 -0.00207447 0.958035 -9.96215e-08  
52 2 2 -2.01124e-07 3.92804e-09 0.0419631  3 -4.59176e-06 8.9679e-08 0.958037  
53 2 2 -0.041963 -9.08641e-05 -2.01115e-07  3 -0.958035 -0.00207447 -4.59155e-06  
54 2 1 -1.43812e-06 0.999843 -0.00975916  2 -1.5735e-10 0.000109396 -1.06778e-06  
55 2 1 -0.00975964 0.00975868 0.999795  2 -1.06784e-06 1.06773e-06 0.000109391  
56 2 1 -0.999843 -9.66943e-05 -0.00975916  2 -0.000109396 -1.05797e-08 -1.06778e-06  
57 2 0 -0.00244929 0.999753 5.00332e-08  1 -5.96611e-07 0.000243526 1.21874e-11  
58 2 0 -5.95031e-06 -6.46109e-08 0.999756  1 -1.44941e-09 -1.57383e-11 0.000243526  
59 2 0 -0.999753 -0.00244929 -5.95045e-06  1 -0.000243526 -5.96611e-07 -1.44944e-09  
60 2 0 -0.00609562 0.999872 -0.00609413  2 -5.55584e-07 9.11333e-05 -5.55449e-07  
61 2 0 -0.00616867 0.00605652 0.999871  2 -5.62243e-07 5.52021e-07 9.11332e-05  
62 2 0 -0.999871 -0.00613298 -0.00613152  2 -9.11332e-05 -5.5899e-07 -5.58857e-07  
63 2 2 -1.79793e-07 7.33715e-05 3.67889e-12  3 -0.00245026 0.999924 5.01368e-08  
64 2 2 -4.36884e-10 -4.74946e-12 7.33717e-05  3 -5.95395e-06 -6.47268e-08 0.999927  
65 2 2 -7.33715e-05 -1.79793e-07 -4.36894e-10  3 -0.999924 -0.00245026 -5.95409e-06  
66 2 0 -1.66833e-11 6.12672e-05 -1.79832e-07  3 -2.72287e-07 0.999934 -0.00293502  
67 2 0 -1.79833e-07 1.79831e-07 6.12669e-05  3 -0.00293503 0.002935 0.99993  
68 2 0 -6.12672e-05 -5.44529e-10 -1.79832e-07  3 -0.999934 -8.88718e-06 -0.00293502  
69 3 0 1.40349e-11 6.12675e-05 -2.25786e-11  2 1.68076e-11 7.33717e-05 -2.70394e-11  3 2.29044e-07 0.999865 -3.68476e-07  
70 3 0 -2.25786e-11 2.25786e-11 6.12675e-05  2 -2.70394e-11 2.70394e-11 7.33717e-05  3 -3.68476e-07 3.68476e-07 0.999865  
71 3 0 -6.12675e-05 1.40348e-11 -2.25786e-11  2 -7.33717e-05 1.68076e-11 -2.70394e-11  3 -0.999865 2.29044e-07 -3.68476e-07  

/Cube/collision/loader.defaultMaterial = Default Diffuse 1 0.74902 0.74902 0.74902 1 Ambient 1 0.2 0.2 0.2 1 Specular 0 1 1 1 1 Emissive 0 0 0 0 0 Shininess 0 45 
/Cube/collision/loader.faceList = [ [ 4, 0, 7 ], [ 0, 3, 7 ], [ 2, 6, 7 ], [ 2, 7, 3 ], [ 1, 5, 2 ], [ 5, 6, 2 ], [ 0, 4, 1 ], [ 4, 5, 1 ], [ 4, 7, 6 ], [ 4, 6, 5 ], [ 0, 1, 2 ], [ 0, 2, 3 ] ]
/Cube/collision/loader.normalsIndex = [ [ 0, 0, 0 ], [ 0, 0, 0 ], [ 1, 1, 1 ], [ 1, 1, 1 ], [ 2, 2, 2 ], [ 3, 3, 3 ], [ 4, 4, 4 ], [ 5, 5, 5 ], [ 6, 6, 6 ], [ 6, 6, 6 ], [ 7, 7, 7 ], [ 7, 7, 7 ] ]
/Cube/collision/loader.texcoordsIndex = [ [ -1, -1, -1 ], [ -1, -1, -1 ], [ -1, -1, -1 ], [ -1, -1, -1 ], [ -1, -1, -1 ], [ -1, -1, -1 ], [ -1, -1, -1 ], [ -1, -1, -1 ], [ -1, -1, -1 ], [ -1, -1, -1 ], [ -1, -1, -1 ], [ -1, -1, -1 ] ]
/Cube/collision/loader.defaultMaterial = Default Diffuse 1 0.74902 0.74902 0.74902 1 Ambient 1 0.2 0.2 0.2 1 Specular 0 1 1 1 1 Emissive 0 0 0 0 0 Shininess 0 45 
/Cube/collision/loader.faceList = [ [ 4, 0, 7 ], [ 0, 3, 7 ], [ 2, 6, 7 ], [ 2, 7, 3 ], [ 1, 5, 2 ], [ 5, 6, 2 ], [ 0, 4, 1 ], [ 4, 5, 1 ], [ 4, 7, 6 ], [ 4, 6, 5 ], [ 0, 1, 2 ], [ 0, 2, 3 ] ]
/Cube/collision/loader.normalsIndex = [ [ 0, 0, 0 ], [ 0, 0, 0 ], [ 1, 1, 1 ], [ 1, 1, 1 ], [ 2, 2, 2 ], [ 3, 3, 3 ], [ 4, 4, 4 ], [ 5, 5, 5 ], [ 6, 6, 6 ], [ 6, 6, 6 ], [ 7, 7, 7 ], [ 7, 7, 7 ] ]
/Cube/collision/loader.texcoordsIndex = [ [ -1, -1, -1 ], [ -1, -1, -1 ], [ -1, -1, -1 ], [ -1, -1, -1 ], [ -1, -1, -1 ], [ -1, -1, -1 ], [ -1, -1, -1 ], [ -1, -1, -1 ], [ -1, -1, -1 ], [ -1, -1, -1 ], [ -1, -1, -1 ], [ -1, -1, -1 ] ]
/Cube/collision/loader.defaultMaterial = Default Diffuse 1 0.74902 0.74902 0.74902 1 Ambient 1 0.2 0.2 0.2 1 Specular 0 1 1 1 1 Emissive 0 0 0 0 0 Shininess 0 45 
/Cube/collision/loader.faceList = [ [ 4, 0, 7 ], [ 0, 3, 7 ], [ 2, 6, 7 ], [ 2, 7, 3 ], [ 1, 5, 2 ], [ 5, 6, 2 ], [ 0, 4, 1 ], [ 4, 5, 1 ], [ 4, 7, 6 ], [ 4, 6, 5 ], [ 0, 1, 2 ], [ 0, 2, 3 ] ]
/Cube/collision/loader.normalsIndex = [ [ 0, 0, 0 ], [ 0, 0, 0 ], [ 1, 1, 1 ], [ 1, 1, 1 ], [ 2, 2, 2 ], [ 3, 3, 3 ], [ 4, 4, 4 ], [ 5, 5, 5 ], [ 6, 6, 6 ], [ 6, 6, 6 ], [ 7, 7, 7 ], [ 7, 7, 7 ] ]
/Cube/collision/loader.texcoordsIndex = [ [ -1, -1, -1 ], [ -1, -1, -1 ], [ -1, -1, -1 ], [ -1, -1, -1 ], [ -1, -1, -1 ], [ -1, -1, -1 ], [ -1, -1, -1 ], [ -1, -1, -1 ], [ -1, -1, -1 ], [ -1, -1, -1 ], [ -1, -1, -1 ], [ -1, -1, -1 ] ]
/Cube2/collision/loader.defaultMaterial = Default Diffuse 1 0.74902 0.74902 0.74902 1 Ambient 1 0.2 0.2 0.2 1 Specular 0 1 1 1 1 Emissive 0 0 0 0 0 Shininess 0 45 
/Cube2/collision/loader.normalsIndex = [ [ 0, 0, 0 ], [ 0, 0, 0 ], [ 1, 1, 1 ], [ 1, 1, 1 ], [ 2, 2, 2 ], [ 3, 3, 3 ], [ 4, 4, 4 ], [ 5, 5, 5 ], [ 6, 6, 6 ], [ 6, 6, 6 ], [ 7, 7, 7 ], [ 7, 7, 7 ] ]
/Cube2/collision/loader.faceList = [ [ 4, 0, 7 ], [ 0, 3, 7 ], [ 2, 6, 7 ], [ 2, 7, 3 ], [ 1, 5, 2 ], [ 5, 6, 2 ], [ 0, 4, 1 ], [ 4, 5, 1 ], [ 4, 7, 6 ], [ 4, 6, 5 ], [ 0, 1, 2 ], [ 0, 2, 3 ] ]
/Cube2/collision/loader.texcoordsIndex = [ [ -1, -1, -1 ], [ -1, -1, -1 ], [ -1, -1, -1 ], [ -1, -1, -1 ], [ -1, -1, -1 ], [ -1, -1, -1 ], [ -1, -1, -1 ], [ -1, -1, -1 ], [ -1, -1, -1 ], [ -1, -1, -1 ], [ -1, -1, -1 ], [ -1, -1, -1 ] ]
/Cube2/collision/TTriangleModel.color = 1 0.498039 0 1
